2017-06-05 09:50:10 [ INFO] com.iflytek.msp.cpdb.lfasr.worker.UploadWorker.upload(UploadWorker.java:88) - prepare ok
2017-06-05 09:50:10 [ INFO] com.iflytek.msp.cpdb.lfasr.worker.UploadWorker.upload(UploadWorker.java:92) - get task_id:c9d93babcede4c8ca8e729a01668404e
2017-06-05 09:50:10 [ INFO] com.iflytek.msp.cpdb.lfasr.worker.UploadWorker.metaPersistency(UploadWorker.java:138) - write meta info success, store file:E:\20170511 Voice Samples\resources\/c9d93babcede4c8ca8e729a01668404e.dat
2017-06-05 09:50:29 [ INFO] com.iflytek.msp.cpdb.lfasr.worker.UploadThread.run(UploadThread.java:43) - upload file send success, file:E:\20170511 Voice Samples\resources\ceshi.wav, task_id:c9d93babcede4c8ca8e729a01668404e
2017-06-05 09:50:30 [ INFO] com.iflytek.msp.cpdb.lfasr.event.EventHandler$ProcessorThread.run(EventHandler.java:131) - task_id:c9d93babcede4c8ca8e729a01668404e send meger success, 
2017-06-05 14:50:06 [ INFO] com.iflytek.msp.cpdb.lfasr.worker.UploadWorker.upload(UploadWorker.java:88) - prepare ok
2017-06-05 14:50:06 [ INFO] com.iflytek.msp.cpdb.lfasr.worker.UploadWorker.upload(UploadWorker.java:92) - get task_id:7f68a882e0de461ea97fc2e3e864313c
2017-06-05 14:50:06 [ INFO] com.iflytek.msp.cpdb.lfasr.worker.UploadWorker.metaPersistency(UploadWorker.java:138) - write meta info success, store file:E:\/7f68a882e0de461ea97fc2e3e864313c.dat
2017-06-05 14:50:09 [ INFO] com.iflytek.msp.cpdb.lfasr.worker.UploadThread.run(UploadThread.java:43) - upload file send success, file:E:\20170511 Voice Samples\resources\ceshi.wav, task_id:7f68a882e0de461ea97fc2e3e864313c
2017-06-05 14:50:10 [ INFO] com.iflytek.msp.cpdb.lfasr.event.EventHandler$ProcessorThread.run(EventHandler.java:131) - task_id:7f68a882e0de461ea97fc2e3e864313c send meger success, 
2017-06-14 15:45:37 [ INFO] com.iflytek.msp.cpdb.lfasr.worker.UploadWorker.upload(UploadWorker.java:91) - prepare ok
2017-06-14 15:45:37 [ INFO] com.iflytek.msp.cpdb.lfasr.worker.UploadWorker.upload(UploadWorker.java:95) - get task_id:49c4fdd5b727472d9aca68b90f38926d
2017-06-14 15:45:37 [ INFO] com.iflytek.msp.cpdb.lfasr.worker.UploadWorker.metaPersistency(UploadWorker.java:141) - write meta info success, store file:E:\/49c4fdd5b727472d9aca68b90f38926d.dat
2017-06-14 15:45:40 [ INFO] com.iflytek.msp.cpdb.lfasr.worker.UploadThread.run(UploadThread.java:43) - upload file send success, file:E:\20170511 Voice Samples\resources\ceshi.wav, task_id:49c4fdd5b727472d9aca68b90f38926d
2017-06-14 15:45:41 [ INFO] com.iflytek.msp.cpdb.lfasr.event.EventHandler$ProcessorThread.run(EventHandler.java:131) - task_id:49c4fdd5b727472d9aca68b90f38926d send meger success, 
2017-06-14 15:49:06 [ INFO] com.iflytek.msp.cpdb.lfasr.worker.UploadWorker.upload(UploadWorker.java:91) - prepare ok
2017-06-14 15:49:06 [ INFO] com.iflytek.msp.cpdb.lfasr.worker.UploadWorker.upload(UploadWorker.java:95) - get task_id:96f1f886a86e4403add7006d2113f6e1
2017-06-14 15:49:06 [ INFO] com.iflytek.msp.cpdb.lfasr.worker.UploadWorker.metaPersistency(UploadWorker.java:141) - write meta info success, store file:E:\/96f1f886a86e4403add7006d2113f6e1.dat
2017-06-14 15:49:10 [ INFO] com.iflytek.msp.cpdb.lfasr.worker.UploadThread.run(UploadThread.java:43) - upload file send success, file:E:\20170511 Voice Samples\resources\ceshi.wav, task_id:96f1f886a86e4403add7006d2113f6e1
2017-06-14 15:49:11 [ INFO] com.iflytek.msp.cpdb.lfasr.event.EventHandler$ProcessorThread.run(EventHandler.java:131) - task_id:96f1f886a86e4403add7006d2113f6e1 send meger success, 
2017-06-14 15:49:34 [ INFO] com.iflytek.msp.cpdb.lfasr.worker.UploadWorker.upload(UploadWorker.java:91) - prepare ok
2017-06-14 15:49:34 [ INFO] com.iflytek.msp.cpdb.lfasr.worker.UploadWorker.upload(UploadWorker.java:95) - get task_id:1e36df6f542649359ca0db21c65f3c93
2017-06-14 15:49:34 [ INFO] com.iflytek.msp.cpdb.lfasr.worker.UploadWorker.metaPersistency(UploadWorker.java:141) - write meta info success, store file:E:\/1e36df6f542649359ca0db21c65f3c93.dat
2017-06-14 15:49:37 [ INFO] com.iflytek.msp.cpdb.lfasr.worker.UploadThread.run(UploadThread.java:43) - upload file send success, file:E:\20170511 Voice Samples\resources\ceshi.wav, task_id:1e36df6f542649359ca0db21c65f3c93
2017-06-14 15:49:38 [ INFO] com.iflytek.msp.cpdb.lfasr.event.EventHandler$ProcessorThread.run(EventHandler.java:131) - task_id:1e36df6f542649359ca0db21c65f3c93 send meger success, 
2017-06-14 15:50:19 [ INFO] com.iflytek.msp.cpdb.lfasr.worker.UploadWorker.upload(UploadWorker.java:91) - prepare ok
2017-06-14 15:50:19 [ INFO] com.iflytek.msp.cpdb.lfasr.worker.UploadWorker.upload(UploadWorker.java:95) - get task_id:2ca3431d99e44834b910892a71053728
2017-06-14 15:50:19 [ INFO] com.iflytek.msp.cpdb.lfasr.worker.UploadWorker.metaPersistency(UploadWorker.java:141) - write meta info success, store file:E:\/2ca3431d99e44834b910892a71053728.dat
2017-06-14 15:50:23 [ INFO] com.iflytek.msp.cpdb.lfasr.worker.UploadThread.run(UploadThread.java:43) - upload file send success, file:E:\20170511 Voice Samples\resources\ceshi.wav, task_id:2ca3431d99e44834b910892a71053728
2017-06-14 15:50:24 [ INFO] com.iflytek.msp.cpdb.lfasr.event.EventHandler$ProcessorThread.run(EventHandler.java:131) - task_id:2ca3431d99e44834b910892a71053728 send meger success, 
2017-06-14 15:54:09 [ INFO] com.iflytek.msp.cpdb.lfasr.worker.UploadWorker.upload(UploadWorker.java:91) - prepare ok
2017-06-14 15:54:09 [ INFO] com.iflytek.msp.cpdb.lfasr.worker.UploadWorker.upload(UploadWorker.java:95) - get task_id:067f84798cd54e4abd3c0d3471d3af4d
2017-06-14 15:54:09 [ INFO] com.iflytek.msp.cpdb.lfasr.worker.UploadWorker.metaPersistency(UploadWorker.java:141) - write meta info success, store file:E:\/067f84798cd54e4abd3c0d3471d3af4d.dat
2017-06-14 15:54:16 [ INFO] com.iflytek.msp.cpdb.lfasr.worker.UploadThread.run(UploadThread.java:43) - upload file send success, file:E:\20170511 Voice Samples\resources\ceshi.wav, task_id:067f84798cd54e4abd3c0d3471d3af4d
2017-06-14 15:54:18 [ INFO] com.iflytek.msp.cpdb.lfasr.event.EventHandler$ProcessorThread.run(EventHandler.java:131) - task_id:067f84798cd54e4abd3c0d3471d3af4d send meger success, 
2017-06-14 15:55:30 [ INFO] com.iflytek.msp.cpdb.lfasr.worker.UploadWorker.upload(UploadWorker.java:91) - prepare ok
2017-06-14 15:55:30 [ INFO] com.iflytek.msp.cpdb.lfasr.worker.UploadWorker.upload(UploadWorker.java:95) - get task_id:cefc5b6663fb419ca9ae1e90c3abe68c
2017-06-14 15:55:31 [ INFO] com.iflytek.msp.cpdb.lfasr.worker.UploadWorker.metaPersistency(UploadWorker.java:141) - write meta info success, store file:E:\/cefc5b6663fb419ca9ae1e90c3abe68c.dat
2017-06-14 15:55:34 [ INFO] com.iflytek.msp.cpdb.lfasr.worker.UploadThread.run(UploadThread.java:43) - upload file send success, file:E:\20170511 Voice Samples\resources\ceshi.wav, task_id:cefc5b6663fb419ca9ae1e90c3abe68c
2017-06-14 15:55:35 [ INFO] com.iflytek.msp.cpdb.lfasr.event.EventHandler$ProcessorThread.run(EventHandler.java:131) - task_id:cefc5b6663fb419ca9ae1e90c3abe68c send meger success, 
2018-11-21 11:13:06 [ INFO] com.iflytek.msp.cpdb.lfasr.worker.UploadWorker.upload(UploadWorker.java:100) - [COMPENT]-CLIENT [PROCESS]-UploadWorker [ID]-null [STATUS]- [MEASURE]-(-1) ms [DEF]-prepare ok
2018-11-21 11:13:06 [ INFO] com.iflytek.msp.cpdb.lfasr.worker.UploadWorker.upload(UploadWorker.java:104) - [COMPENT]-CLIENT [PROCESS]-UploadWorker [ID]-51dfefee83a749758a2b2b7f03321afc [STATUS]- [MEASURE]-(-1) ms [DEF]-get task_id:%s51dfefee83a749758a2b2b7f03321afc
2018-11-21 11:13:06 [ INFO] com.iflytek.msp.cpdb.lfasr.worker.UploadWorker.metaPersistency(UploadWorker.java:152) - [COMPENT]-CLIENT [PROCESS]-UploadWorker [ID]-51dfefee83a749758a2b2b7f03321afc [STATUS]- [MEASURE]-(-1) ms [DEF]-write meta info success, store file:F:\temp/51dfefee83a749758a2b2b7f03321afc.dat
2018-11-21 11:13:06 [ INFO] com.iflytek.msp.cpdb.lfasr.event.EventHandler.isSendAll(EventHandler.java:183) - [COMPENT]-CLIENT [PROCESS]-EventHandler [ID]- [STATUS]- [MEASURE]-(-1) ms [DEF]-upload file 0/1
2018-11-21 11:13:06 [ INFO] com.iflytek.msp.cpdb.lfasr.event.EventHandler.isSendAll(EventHandler.java:183) - [COMPENT]-CLIENT [PROCESS]-EventHandler [ID]- [STATUS]- [MEASURE]-(-1) ms [DEF]-upload file 1/1
2018-11-21 11:13:06 [ INFO] com.iflytek.msp.cpdb.lfasr.worker.UploadThread.run(UploadThread.java:43) - [COMPENT]-CLIENT [PROCESS]-UploadThread [ID]-51dfefee83a749758a2b2b7f03321afc [STATUS]- [MEASURE]-(-1) ms [DEF]-upload file send success, file:F:\test.mp3, task_id:51dfefee83a749758a2b2b7f03321afc
2018-11-21 11:13:07 [ INFO] com.iflytek.msp.cpdb.lfasr.event.EventHandler$ProcessorThread.run(EventHandler.java:137) - [COMPENT]-CLIENT [PROCESS]-EventHandler [ID]-51dfefee83a749758a2b2b7f03321afc [STATUS]- [MEASURE]-(-1) ms [DEF]-send meger success
2018-11-21 11:15:19 [ INFO] com.iflytek.msp.cpdb.lfasr.worker.UploadWorker.upload(UploadWorker.java:100) - [COMPENT]-CLIENT [PROCESS]-UploadWorker [ID]-null [STATUS]- [MEASURE]-(-1) ms [DEF]-prepare ok
2018-11-21 11:15:19 [ INFO] com.iflytek.msp.cpdb.lfasr.worker.UploadWorker.upload(UploadWorker.java:104) - [COMPENT]-CLIENT [PROCESS]-UploadWorker [ID]-d28249b66f5e4dae9acccb9a3eb644da [STATUS]- [MEASURE]-(-1) ms [DEF]-get task_id:%sd28249b66f5e4dae9acccb9a3eb644da
2018-11-21 11:15:19 [ INFO] com.iflytek.msp.cpdb.lfasr.worker.UploadWorker.metaPersistency(UploadWorker.java:152) - [COMPENT]-CLIENT [PROCESS]-UploadWorker [ID]-d28249b66f5e4dae9acccb9a3eb644da [STATUS]- [MEASURE]-(-1) ms [DEF]-write meta info success, store file:F:\temp/d28249b66f5e4dae9acccb9a3eb644da.dat
2018-11-21 11:15:19 [ INFO] com.iflytek.msp.cpdb.lfasr.event.EventHandler.isSendAll(EventHandler.java:183) - [COMPENT]-CLIENT [PROCESS]-EventHandler [ID]- [STATUS]- [MEASURE]-(-1) ms [DEF]-upload file 0/1
2018-11-21 11:15:20 [ INFO] com.iflytek.msp.cpdb.lfasr.event.EventHandler.isSendAll(EventHandler.java:183) - [COMPENT]-CLIENT [PROCESS]-EventHandler [ID]- [STATUS]- [MEASURE]-(-1) ms [DEF]-upload file 1/1
2018-11-21 11:15:20 [ INFO] com.iflytek.msp.cpdb.lfasr.worker.UploadThread.run(UploadThread.java:43) - [COMPENT]-CLIENT [PROCESS]-UploadThread [ID]-d28249b66f5e4dae9acccb9a3eb644da [STATUS]- [MEASURE]-(-1) ms [DEF]-upload file send success, file:F:\test.mp3, task_id:d28249b66f5e4dae9acccb9a3eb644da
2018-11-21 11:15:21 [ INFO] com.iflytek.msp.cpdb.lfasr.event.EventHandler$ProcessorThread.run(EventHandler.java:137) - [COMPENT]-CLIENT [PROCESS]-EventHandler [ID]-d28249b66f5e4dae9acccb9a3eb644da [STATUS]- [MEASURE]-(-1) ms [DEF]-send meger success
2018-11-21 11:40:39 [ INFO] com.iflytek.msp.cpdb.lfasr.worker.UploadWorker.upload(UploadWorker.java:100) - [COMPENT]-CLIENT [PROCESS]-UploadWorker [ID]-null [STATUS]- [MEASURE]-(-1) ms [DEF]-prepare ok
2018-11-21 11:40:39 [ INFO] com.iflytek.msp.cpdb.lfasr.worker.UploadWorker.upload(UploadWorker.java:104) - [COMPENT]-CLIENT [PROCESS]-UploadWorker [ID]-6cbf9460d5584fb5b625aa3c9af4df61 [STATUS]- [MEASURE]-(-1) ms [DEF]-get task_id:%s6cbf9460d5584fb5b625aa3c9af4df61
2018-11-21 11:40:39 [ INFO] com.iflytek.msp.cpdb.lfasr.worker.UploadWorker.metaPersistency(UploadWorker.java:152) - [COMPENT]-CLIENT [PROCESS]-UploadWorker [ID]-6cbf9460d5584fb5b625aa3c9af4df61 [STATUS]- [MEASURE]-(-1) ms [DEF]-write meta info success, store file:F:\temp/6cbf9460d5584fb5b625aa3c9af4df61.dat
2018-11-21 11:40:39 [ INFO] com.iflytek.msp.cpdb.lfasr.event.EventHandler.isSendAll(EventHandler.java:183) - [COMPENT]-CLIENT [PROCESS]-EventHandler [ID]- [STATUS]- [MEASURE]-(-1) ms [DEF]-upload file 0/1
2018-11-21 11:40:40 [ INFO] com.iflytek.msp.cpdb.lfasr.event.EventHandler.isSendAll(EventHandler.java:183) - [COMPENT]-CLIENT [PROCESS]-EventHandler [ID]- [STATUS]- [MEASURE]-(-1) ms [DEF]-upload file 1/1
2018-11-21 11:40:40 [ INFO] com.iflytek.msp.cpdb.lfasr.worker.UploadThread.run(UploadThread.java:43) - [COMPENT]-CLIENT [PROCESS]-UploadThread [ID]-6cbf9460d5584fb5b625aa3c9af4df61 [STATUS]- [MEASURE]-(-1) ms [DEF]-upload file send success, file:F:\test.mp3, task_id:6cbf9460d5584fb5b625aa3c9af4df61
2018-11-21 11:40:41 [ INFO] com.iflytek.msp.cpdb.lfasr.event.EventHandler$ProcessorThread.run(EventHandler.java:137) - [COMPENT]-CLIENT [PROCESS]-EventHandler [ID]-6cbf9460d5584fb5b625aa3c9af4df61 [STATUS]- [MEASURE]-(-1) ms [DEF]-send meger success
2018-11-21 11:43:01 [ INFO] com.iflytek.msp.cpdb.lfasr.worker.UploadWorker.upload(UploadWorker.java:100) - [COMPENT]-CLIENT [PROCESS]-UploadWorker [ID]-null [STATUS]- [MEASURE]-(-1) ms [DEF]-prepare ok
2018-11-21 11:43:01 [ INFO] com.iflytek.msp.cpdb.lfasr.worker.UploadWorker.upload(UploadWorker.java:104) - [COMPENT]-CLIENT [PROCESS]-UploadWorker [ID]-e0b8118811be4993a2f351ec0e58df4c [STATUS]- [MEASURE]-(-1) ms [DEF]-get task_id:%se0b8118811be4993a2f351ec0e58df4c
2018-11-21 11:43:01 [ INFO] com.iflytek.msp.cpdb.lfasr.worker.UploadWorker.metaPersistency(UploadWorker.java:152) - [COMPENT]-CLIENT [PROCESS]-UploadWorker [ID]-e0b8118811be4993a2f351ec0e58df4c [STATUS]- [MEASURE]-(-1) ms [DEF]-write meta info success, store file:F:\temp/e0b8118811be4993a2f351ec0e58df4c.dat
2018-11-21 11:43:01 [ INFO] com.iflytek.msp.cpdb.lfasr.event.EventHandler.isSendAll(EventHandler.java:183) - [COMPENT]-CLIENT [PROCESS]-EventHandler [ID]- [STATUS]- [MEASURE]-(-1) ms [DEF]-upload file 0/1
2018-11-21 11:43:01 [ INFO] com.iflytek.msp.cpdb.lfasr.event.EventHandler.isSendAll(EventHandler.java:183) - [COMPENT]-CLIENT [PROCESS]-EventHandler [ID]- [STATUS]- [MEASURE]-(-1) ms [DEF]-upload file 1/1
2018-11-21 11:43:01 [ INFO] com.iflytek.msp.cpdb.lfasr.worker.UploadThread.run(UploadThread.java:43) - [COMPENT]-CLIENT [PROCESS]-UploadThread [ID]-e0b8118811be4993a2f351ec0e58df4c [STATUS]- [MEASURE]-(-1) ms [DEF]-upload file send success, file:F:\test.mp3, task_id:e0b8118811be4993a2f351ec0e58df4c
2018-11-21 11:43:02 [ INFO] com.iflytek.msp.cpdb.lfasr.event.EventHandler$ProcessorThread.run(EventHandler.java:137) - [COMPENT]-CLIENT [PROCESS]-EventHandler [ID]-e0b8118811be4993a2f351ec0e58df4c [STATUS]- [MEASURE]-(-1) ms [DEF]-send meger success
2018-11-21 12:00:37 [ INFO] com.iflytek.msp.cpdb.lfasr.worker.UploadWorker.upload(UploadWorker.java:100) - [COMPENT]-CLIENT [PROCESS]-UploadWorker [ID]-null [STATUS]- [MEASURE]-(-1) ms [DEF]-prepare ok
2018-11-21 12:00:37 [ INFO] com.iflytek.msp.cpdb.lfasr.worker.UploadWorker.upload(UploadWorker.java:104) - [COMPENT]-CLIENT [PROCESS]-UploadWorker [ID]-eba5e80c4890497d8843b43abae656aa [STATUS]- [MEASURE]-(-1) ms [DEF]-get task_id:%seba5e80c4890497d8843b43abae656aa
2018-11-21 12:00:37 [ INFO] com.iflytek.msp.cpdb.lfasr.worker.UploadWorker.metaPersistency(UploadWorker.java:152) - [COMPENT]-CLIENT [PROCESS]-UploadWorker [ID]-eba5e80c4890497d8843b43abae656aa [STATUS]- [MEASURE]-(-1) ms [DEF]-write meta info success, store file:F:\temp/eba5e80c4890497d8843b43abae656aa.dat
2018-11-21 12:00:37 [ INFO] com.iflytek.msp.cpdb.lfasr.event.EventHandler.isSendAll(EventHandler.java:183) - [COMPENT]-CLIENT [PROCESS]-EventHandler [ID]- [STATUS]- [MEASURE]-(-1) ms [DEF]-upload file 0/1
2018-11-21 12:00:38 [ INFO] com.iflytek.msp.cpdb.lfasr.event.EventHandler.isSendAll(EventHandler.java:183) - [COMPENT]-CLIENT [PROCESS]-EventHandler [ID]- [STATUS]- [MEASURE]-(-1) ms [DEF]-upload file 1/1
2018-11-21 12:00:38 [ INFO] com.iflytek.msp.cpdb.lfasr.worker.UploadThread.run(UploadThread.java:43) - [COMPENT]-CLIENT [PROCESS]-UploadThread [ID]-eba5e80c4890497d8843b43abae656aa [STATUS]- [MEASURE]-(-1) ms [DEF]-upload file send success, file:F:\test.mp3, task_id:eba5e80c4890497d8843b43abae656aa
2018-11-21 12:00:39 [ INFO] com.iflytek.msp.cpdb.lfasr.event.EventHandler$ProcessorThread.run(EventHandler.java:137) - [COMPENT]-CLIENT [PROCESS]-EventHandler [ID]-eba5e80c4890497d8843b43abae656aa [STATUS]- [MEASURE]-(-1) ms [DEF]-send meger success
2018-11-21 13:58:53 [ INFO] com.iflytek.msp.cpdb.lfasr.worker.UploadWorker.upload(UploadWorker.java:100) - [COMPENT]-CLIENT [PROCESS]-UploadWorker [ID]-null [STATUS]- [MEASURE]-(-1) ms [DEF]-prepare ok
2018-11-21 13:58:53 [ INFO] com.iflytek.msp.cpdb.lfasr.worker.UploadWorker.upload(UploadWorker.java:104) - [COMPENT]-CLIENT [PROCESS]-UploadWorker [ID]-e039e905f2f8438a960ce7d881cc30f0 [STATUS]- [MEASURE]-(-1) ms [DEF]-get task_id:%se039e905f2f8438a960ce7d881cc30f0
2018-11-21 13:58:53 [ INFO] com.iflytek.msp.cpdb.lfasr.worker.UploadWorker.metaPersistency(UploadWorker.java:152) - [COMPENT]-CLIENT [PROCESS]-UploadWorker [ID]-e039e905f2f8438a960ce7d881cc30f0 [STATUS]- [MEASURE]-(-1) ms [DEF]-write meta info success, store file:F:\temp/e039e905f2f8438a960ce7d881cc30f0.dat
2018-11-21 13:58:53 [ INFO] com.iflytek.msp.cpdb.lfasr.event.EventHandler.isSendAll(EventHandler.java:183) - [COMPENT]-CLIENT [PROCESS]-EventHandler [ID]- [STATUS]- [MEASURE]-(-1) ms [DEF]-upload file 0/1
2018-11-21 13:58:54 [ INFO] com.iflytek.msp.cpdb.lfasr.event.EventHandler.isSendAll(EventHandler.java:183) - [COMPENT]-CLIENT [PROCESS]-EventHandler [ID]- [STATUS]- [MEASURE]-(-1) ms [DEF]-upload file 1/1
2018-11-21 13:58:54 [ INFO] com.iflytek.msp.cpdb.lfasr.worker.UploadThread.run(UploadThread.java:43) - [COMPENT]-CLIENT [PROCESS]-UploadThread [ID]-e039e905f2f8438a960ce7d881cc30f0 [STATUS]- [MEASURE]-(-1) ms [DEF]-upload file send success, file:F:\test.mp3, task_id:e039e905f2f8438a960ce7d881cc30f0
2018-11-21 13:58:55 [ INFO] com.iflytek.msp.cpdb.lfasr.event.EventHandler$ProcessorThread.run(EventHandler.java:137) - [COMPENT]-CLIENT [PROCESS]-EventHandler [ID]-e039e905f2f8438a960ce7d881cc30f0 [STATUS]- [MEASURE]-(-1) ms [DEF]-send meger success
2018-11-21 14:02:04 [ INFO] com.iflytek.msp.cpdb.lfasr.worker.UploadWorker.upload(UploadWorker.java:100) - [COMPENT]-CLIENT [PROCESS]-UploadWorker [ID]-null [STATUS]- [MEASURE]-(-1) ms [DEF]-prepare ok
2018-11-21 14:02:04 [ INFO] com.iflytek.msp.cpdb.lfasr.worker.UploadWorker.upload(UploadWorker.java:104) - [COMPENT]-CLIENT [PROCESS]-UploadWorker [ID]-50e932eaccb345daa16d949a533c846e [STATUS]- [MEASURE]-(-1) ms [DEF]-get task_id:%s50e932eaccb345daa16d949a533c846e
2018-11-21 14:02:04 [ INFO] com.iflytek.msp.cpdb.lfasr.worker.UploadWorker.metaPersistency(UploadWorker.java:152) - [COMPENT]-CLIENT [PROCESS]-UploadWorker [ID]-50e932eaccb345daa16d949a533c846e [STATUS]- [MEASURE]-(-1) ms [DEF]-write meta info success, store file:F:\temp/50e932eaccb345daa16d949a533c846e.dat
2018-11-21 14:02:04 [ INFO] com.iflytek.msp.cpdb.lfasr.event.EventHandler.isSendAll(EventHandler.java:183) - [COMPENT]-CLIENT [PROCESS]-EventHandler [ID]- [STATUS]- [MEASURE]-(-1) ms [DEF]-upload file 0/1
2018-11-21 14:02:04 [ INFO] com.iflytek.msp.cpdb.lfasr.event.EventHandler.isSendAll(EventHandler.java:183) - [COMPENT]-CLIENT [PROCESS]-EventHandler [ID]- [STATUS]- [MEASURE]-(-1) ms [DEF]-upload file 1/1
2018-11-21 14:02:04 [ INFO] com.iflytek.msp.cpdb.lfasr.worker.UploadThread.run(UploadThread.java:43) - [COMPENT]-CLIENT [PROCESS]-UploadThread [ID]-50e932eaccb345daa16d949a533c846e [STATUS]- [MEASURE]-(-1) ms [DEF]-upload file send success, file:F:\test.mp3, task_id:50e932eaccb345daa16d949a533c846e
2018-11-21 14:02:06 [ INFO] com.iflytek.msp.cpdb.lfasr.event.EventHandler$ProcessorThread.run(EventHandler.java:137) - [COMPENT]-CLIENT [PROCESS]-EventHandler [ID]-50e932eaccb345daa16d949a533c846e [STATUS]- [MEASURE]-(-1) ms [DEF]-send meger success
2018-11-21 14:11:48 [ INFO] com.iflytek.msp.cpdb.lfasr.worker.UploadWorker.upload(UploadWorker.java:100) - [COMPENT]-CLIENT [PROCESS]-UploadWorker [ID]-null [STATUS]- [MEASURE]-(-1) ms [DEF]-prepare ok
2018-11-21 14:11:48 [ INFO] com.iflytek.msp.cpdb.lfasr.worker.UploadWorker.upload(UploadWorker.java:104) - [COMPENT]-CLIENT [PROCESS]-UploadWorker [ID]-db7c79edf1664373ad1e718a76c91f13 [STATUS]- [MEASURE]-(-1) ms [DEF]-get task_id:%sdb7c79edf1664373ad1e718a76c91f13
2018-11-21 14:11:48 [ INFO] com.iflytek.msp.cpdb.lfasr.worker.UploadWorker.metaPersistency(UploadWorker.java:152) - [COMPENT]-CLIENT [PROCESS]-UploadWorker [ID]-db7c79edf1664373ad1e718a76c91f13 [STATUS]- [MEASURE]-(-1) ms [DEF]-write meta info success, store file:F:\temp/db7c79edf1664373ad1e718a76c91f13.dat
2018-11-21 14:11:48 [ INFO] com.iflytek.msp.cpdb.lfasr.event.EventHandler.isSendAll(EventHandler.java:183) - [COMPENT]-CLIENT [PROCESS]-EventHandler [ID]- [STATUS]- [MEASURE]-(-1) ms [DEF]-upload file 0/1
2018-11-21 14:11:49 [ INFO] com.iflytek.msp.cpdb.lfasr.event.EventHandler.isSendAll(EventHandler.java:183) - [COMPENT]-CLIENT [PROCESS]-EventHandler [ID]- [STATUS]- [MEASURE]-(-1) ms [DEF]-upload file 1/1
2018-11-21 14:11:49 [ INFO] com.iflytek.msp.cpdb.lfasr.worker.UploadThread.run(UploadThread.java:43) - [COMPENT]-CLIENT [PROCESS]-UploadThread [ID]-db7c79edf1664373ad1e718a76c91f13 [STATUS]- [MEASURE]-(-1) ms [DEF]-upload file send success, file:D:\dpv2t\input\test.mp3, task_id:db7c79edf1664373ad1e718a76c91f13
2018-11-21 14:11:50 [ INFO] com.iflytek.msp.cpdb.lfasr.event.EventHandler$ProcessorThread.run(EventHandler.java:137) - [COMPENT]-CLIENT [PROCESS]-EventHandler [ID]-db7c79edf1664373ad1e718a76c91f13 [STATUS]- [MEASURE]-(-1) ms [DEF]-send meger success
2018-11-21 14:17:39 [ INFO] com.iflytek.msp.cpdb.lfasr.worker.UploadWorker.upload(UploadWorker.java:100) - [COMPENT]-CLIENT [PROCESS]-UploadWorker [ID]-null [STATUS]- [MEASURE]-(-1) ms [DEF]-prepare ok
2018-11-21 14:17:39 [ INFO] com.iflytek.msp.cpdb.lfasr.worker.UploadWorker.upload(UploadWorker.java:104) - [COMPENT]-CLIENT [PROCESS]-UploadWorker [ID]-faa190ad240f43dfa551d1e732a17963 [STATUS]- [MEASURE]-(-1) ms [DEF]-get task_id:%sfaa190ad240f43dfa551d1e732a17963
2018-11-21 14:17:39 [ INFO] com.iflytek.msp.cpdb.lfasr.worker.UploadWorker.metaPersistency(UploadWorker.java:152) - [COMPENT]-CLIENT [PROCESS]-UploadWorker [ID]-faa190ad240f43dfa551d1e732a17963 [STATUS]- [MEASURE]-(-1) ms [DEF]-write meta info success, store file:F:\temp/faa190ad240f43dfa551d1e732a17963.dat
2018-11-21 14:17:40 [ INFO] com.iflytek.msp.cpdb.lfasr.event.EventHandler.isSendAll(EventHandler.java:183) - [COMPENT]-CLIENT [PROCESS]-EventHandler [ID]- [STATUS]- [MEASURE]-(-1) ms [DEF]-upload file 0/1
2018-11-21 14:17:40 [ INFO] com.iflytek.msp.cpdb.lfasr.event.EventHandler.isSendAll(EventHandler.java:183) - [COMPENT]-CLIENT [PROCESS]-EventHandler [ID]- [STATUS]- [MEASURE]-(-1) ms [DEF]-upload file 1/1
2018-11-21 14:17:40 [ INFO] com.iflytek.msp.cpdb.lfasr.worker.UploadThread.run(UploadThread.java:43) - [COMPENT]-CLIENT [PROCESS]-UploadThread [ID]-faa190ad240f43dfa551d1e732a17963 [STATUS]- [MEASURE]-(-1) ms [DEF]-upload file send success, file:D:\dpv2t\input\test.mp3, task_id:faa190ad240f43dfa551d1e732a17963
2018-11-21 14:17:41 [ INFO] com.iflytek.msp.cpdb.lfasr.event.EventHandler$ProcessorThread.run(EventHandler.java:137) - [COMPENT]-CLIENT [PROCESS]-EventHandler [ID]-faa190ad240f43dfa551d1e732a17963 [STATUS]- [MEASURE]-(-1) ms [DEF]-send meger success
2018-11-21 15:36:36 [ERROR] com.iflytek.msp.cpdb.lfasr.client.LfasrClientImp.lfasrUpload(LfasrClientImp.java:150) - [COMPENT]-CLIENT [PROCESS]-LfasrClientImp [ID]- [STATUS]- [MEASURE]-(-1) ms [DEF]-{"ok":"-1", "err_no":"26201", "failed":"转写参数上传文件不能为空或文件不存在!", "data":""}
2018-11-21 15:37:38 [ INFO] com.iflytek.msp.cpdb.lfasr.worker.UploadWorker.upload(UploadWorker.java:100) - [COMPENT]-CLIENT [PROCESS]-UploadWorker [ID]-null [STATUS]- [MEASURE]-(-1) ms [DEF]-prepare ok
2018-11-21 15:37:38 [ INFO] com.iflytek.msp.cpdb.lfasr.worker.UploadWorker.upload(UploadWorker.java:104) - [COMPENT]-CLIENT [PROCESS]-UploadWorker [ID]-18f6733d79284f268e2a35b411854aa4 [STATUS]- [MEASURE]-(-1) ms [DEF]-get task_id:%s18f6733d79284f268e2a35b411854aa4
2018-11-21 15:37:38 [ INFO] com.iflytek.msp.cpdb.lfasr.worker.UploadWorker.metaPersistency(UploadWorker.java:152) - [COMPENT]-CLIENT [PROCESS]-UploadWorker [ID]-18f6733d79284f268e2a35b411854aa4 [STATUS]- [MEASURE]-(-1) ms [DEF]-write meta info success, store file:F:\temp/18f6733d79284f268e2a35b411854aa4.dat
2018-11-21 15:37:38 [ INFO] com.iflytek.msp.cpdb.lfasr.event.EventHandler.isSendAll(EventHandler.java:183) - [COMPENT]-CLIENT [PROCESS]-EventHandler [ID]- [STATUS]- [MEASURE]-(-1) ms [DEF]-upload file 0/1
2018-11-21 15:37:39 [ INFO] com.iflytek.msp.cpdb.lfasr.event.EventHandler.isSendAll(EventHandler.java:183) - [COMPENT]-CLIENT [PROCESS]-EventHandler [ID]- [STATUS]- [MEASURE]-(-1) ms [DEF]-upload file 1/1
2018-11-21 15:37:39 [ INFO] com.iflytek.msp.cpdb.lfasr.worker.UploadThread.run(UploadThread.java:43) - [COMPENT]-CLIENT [PROCESS]-UploadThread [ID]-18f6733d79284f268e2a35b411854aa4 [STATUS]- [MEASURE]-(-1) ms [DEF]-upload file send success, file:D:\dpv2t\input\test.mp3, task_id:18f6733d79284f268e2a35b411854aa4
2018-11-21 15:37:40 [ INFO] com.iflytek.msp.cpdb.lfasr.event.EventHandler$ProcessorThread.run(EventHandler.java:137) - [COMPENT]-CLIENT [PROCESS]-EventHandler [ID]-18f6733d79284f268e2a35b411854aa4 [STATUS]- [MEASURE]-(-1) ms [DEF]-send meger success
2018-11-21 16:21:05 [ERROR] com.iflytek.msp.cpdb.lfasr.client.LfasrClientImp.<init>(LfasrClientImp.java:108) - [COMPENT]-CLIENT [PROCESS]-LfasrClientImp [ID]- [STATUS]- [MEASURE]-(-1) ms [DEF]-{"ok":"-1", "err_no":"26105", "failed":"转写配置文件store_path错误，或目录不可读写!", "data":""}
2018-11-21 16:21:18 [ INFO] com.iflytek.msp.cpdb.lfasr.worker.UploadWorker.upload(UploadWorker.java:100) - [COMPENT]-CLIENT [PROCESS]-UploadWorker [ID]-null [STATUS]- [MEASURE]-(-1) ms [DEF]-prepare ok
2018-11-21 16:21:18 [ INFO] com.iflytek.msp.cpdb.lfasr.worker.UploadWorker.upload(UploadWorker.java:104) - [COMPENT]-CLIENT [PROCESS]-UploadWorker [ID]-c37ab14e01a94185904a554f7801fa24 [STATUS]- [MEASURE]-(-1) ms [DEF]-get task_id:%sc37ab14e01a94185904a554f7801fa24
2018-11-21 16:21:18 [ INFO] com.iflytek.msp.cpdb.lfasr.worker.UploadWorker.metaPersistency(UploadWorker.java:152) - [COMPENT]-CLIENT [PROCESS]-UploadWorker [ID]-c37ab14e01a94185904a554f7801fa24 [STATUS]- [MEASURE]-(-1) ms [DEF]-write meta info success, store file:D:\dpv2t\store_path/c37ab14e01a94185904a554f7801fa24.dat
2018-11-21 16:21:18 [ INFO] com.iflytek.msp.cpdb.lfasr.event.EventHandler.isSendAll(EventHandler.java:183) - [COMPENT]-CLIENT [PROCESS]-EventHandler [ID]- [STATUS]- [MEASURE]-(-1) ms [DEF]-upload file 0/1
2018-11-21 16:21:19 [ INFO] com.iflytek.msp.cpdb.lfasr.event.EventHandler.isSendAll(EventHandler.java:183) - [COMPENT]-CLIENT [PROCESS]-EventHandler [ID]- [STATUS]- [MEASURE]-(-1) ms [DEF]-upload file 1/1
2018-11-21 16:21:19 [ INFO] com.iflytek.msp.cpdb.lfasr.worker.UploadThread.run(UploadThread.java:43) - [COMPENT]-CLIENT [PROCESS]-UploadThread [ID]-c37ab14e01a94185904a554f7801fa24 [STATUS]- [MEASURE]-(-1) ms [DEF]-upload file send success, file:D:\dpv2t\input\test.mp3, task_id:c37ab14e01a94185904a554f7801fa24
2018-11-21 16:21:20 [ INFO] com.iflytek.msp.cpdb.lfasr.event.EventHandler$ProcessorThread.run(EventHandler.java:137) - [COMPENT]-CLIENT [PROCESS]-EventHandler [ID]-c37ab14e01a94185904a554f7801fa24 [STATUS]- [MEASURE]-(-1) ms [DEF]-send meger success
2018-11-21 16:21:27 [ INFO] com.iflytek.msp.cpdb.lfasr.worker.UploadWorker.upload(UploadWorker.java:100) - [COMPENT]-CLIENT [PROCESS]-UploadWorker [ID]-null [STATUS]- [MEASURE]-(-1) ms [DEF]-prepare ok
2018-11-21 16:21:27 [ INFO] com.iflytek.msp.cpdb.lfasr.worker.UploadWorker.upload(UploadWorker.java:104) - [COMPENT]-CLIENT [PROCESS]-UploadWorker [ID]-cb469e671ffb4d21a62e8067afd84a73 [STATUS]- [MEASURE]-(-1) ms [DEF]-get task_id:%scb469e671ffb4d21a62e8067afd84a73
2018-11-21 16:21:27 [ INFO] com.iflytek.msp.cpdb.lfasr.worker.UploadWorker.metaPersistency(UploadWorker.java:152) - [COMPENT]-CLIENT [PROCESS]-UploadWorker [ID]-cb469e671ffb4d21a62e8067afd84a73 [STATUS]- [MEASURE]-(-1) ms [DEF]-write meta info success, store file:D:\dpv2t\store_path/cb469e671ffb4d21a62e8067afd84a73.dat
2018-11-21 16:21:27 [ INFO] com.iflytek.msp.cpdb.lfasr.event.EventHandler.isSendAll(EventHandler.java:183) - [COMPENT]-CLIENT [PROCESS]-EventHandler [ID]- [STATUS]- [MEASURE]-(-1) ms [DEF]-upload file 0/1
2018-11-21 16:21:27 [ INFO] com.iflytek.msp.cpdb.lfasr.event.EventHandler.isSendAll(EventHandler.java:183) - [COMPENT]-CLIENT [PROCESS]-EventHandler [ID]- [STATUS]- [MEASURE]-(-1) ms [DEF]-upload file 0/1
2018-11-21 16:21:28 [ INFO] com.iflytek.msp.cpdb.lfasr.event.EventHandler.isSendAll(EventHandler.java:183) - [COMPENT]-CLIENT [PROCESS]-EventHandler [ID]- [STATUS]- [MEASURE]-(-1) ms [DEF]-upload file 1/1
2018-11-21 16:21:28 [ INFO] com.iflytek.msp.cpdb.lfasr.worker.UploadThread.run(UploadThread.java:43) - [COMPENT]-CLIENT [PROCESS]-UploadThread [ID]-cb469e671ffb4d21a62e8067afd84a73 [STATUS]- [MEASURE]-(-1) ms [DEF]-upload file send success, file:D:\dpv2t\input\test.mp3, task_id:cb469e671ffb4d21a62e8067afd84a73
2018-11-21 16:21:29 [ INFO] com.iflytek.msp.cpdb.lfasr.event.EventHandler$ProcessorThread.run(EventHandler.java:137) - [COMPENT]-CLIENT [PROCESS]-EventHandler [ID]-cb469e671ffb4d21a62e8067afd84a73 [STATUS]- [MEASURE]-(-1) ms [DEF]-send meger success
2018-11-21 18:31:35 [ERROR] com.iflytek.msp.cpdb.lfasr.client.LfasrClientImp.lfasrUpload(LfasrClientImp.java:150) - [COMPENT]-CLIENT [PROCESS]-LfasrClientImp [ID]- [STATUS]- [MEASURE]-(-1) ms [DEF]-{"ok":"-1", "err_no":"26201", "failed":"转写参数上传文件不能为空或文件不存在!", "data":""}
2018-11-21 18:33:40 [ERROR] com.iflytek.msp.cpdb.lfasr.client.LfasrClientImp.lfasrUpload(LfasrClientImp.java:150) - [COMPENT]-CLIENT [PROCESS]-LfasrClientImp [ID]- [STATUS]- [MEASURE]-(-1) ms [DEF]-{"ok":"-1", "err_no":"26201", "failed":"转写参数上传文件不能为空或文件不存在!", "data":""}
2018-11-22 09:13:32 [ERROR] com.iflytek.msp.cpdb.lfasr.client.LfasrClientImp.lfasrUpload(LfasrClientImp.java:150) - [COMPENT]-CLIENT [PROCESS]-LfasrClientImp [ID]- [STATUS]- [MEASURE]-(-1) ms [DEF]-{"ok":"-1", "err_no":"26201", "failed":"转写参数上传文件不能为空或文件不存在!", "data":""}
2018-11-22 09:13:46 [ERROR] com.iflytek.msp.cpdb.lfasr.worker.UploadWorker.upload(UploadWorker.java:93) - [COMPENT]-CLIENT [PROCESS]-UploadWorker [ID]-null [STATUS]- [MEASURE]-(-1) ms [DEF]-prepare error:预处理服务时长不足。您剩余的可用服务时长不足，请移步产品页http://www.xfyun.cn/services/lfasr 进行购买或者免费领取（注：标准版和电话专用版需分开进行购买或者领取）
2018-11-22 09:14:03 [ INFO] com.iflytek.msp.cpdb.lfasr.worker.UploadWorker.upload(UploadWorker.java:100) - [COMPENT]-CLIENT [PROCESS]-UploadWorker [ID]-null [STATUS]- [MEASURE]-(-1) ms [DEF]-prepare ok
2018-11-22 09:14:03 [ INFO] com.iflytek.msp.cpdb.lfasr.worker.UploadWorker.upload(UploadWorker.java:104) - [COMPENT]-CLIENT [PROCESS]-UploadWorker [ID]-601c49b669b8429d84e864f78f841ad1 [STATUS]- [MEASURE]-(-1) ms [DEF]-get task_id:%s601c49b669b8429d84e864f78f841ad1
2018-11-22 09:14:03 [ INFO] com.iflytek.msp.cpdb.lfasr.worker.UploadWorker.metaPersistency(UploadWorker.java:152) - [COMPENT]-CLIENT [PROCESS]-UploadWorker [ID]-601c49b669b8429d84e864f78f841ad1 [STATUS]- [MEASURE]-(-1) ms [DEF]-write meta info success, store file:D:\dpv2t\store_path/601c49b669b8429d84e864f78f841ad1.dat
2018-11-22 09:14:03 [ INFO] com.iflytek.msp.cpdb.lfasr.event.EventHandler.isSendAll(EventHandler.java:183) - [COMPENT]-CLIENT [PROCESS]-EventHandler [ID]- [STATUS]- [MEASURE]-(-1) ms [DEF]-upload file 0/1
2018-11-22 09:14:04 [ INFO] com.iflytek.msp.cpdb.lfasr.event.EventHandler.isSendAll(EventHandler.java:183) - [COMPENT]-CLIENT [PROCESS]-EventHandler [ID]- [STATUS]- [MEASURE]-(-1) ms [DEF]-upload file 1/1
2018-11-22 09:14:04 [ INFO] com.iflytek.msp.cpdb.lfasr.worker.UploadThread.run(UploadThread.java:43) - [COMPENT]-CLIENT [PROCESS]-UploadThread [ID]-601c49b669b8429d84e864f78f841ad1 [STATUS]- [MEASURE]-(-1) ms [DEF]-upload file send success, file:D:\dpv2t\input\test.mp3, task_id:601c49b669b8429d84e864f78f841ad1
2018-11-22 09:14:05 [ INFO] com.iflytek.msp.cpdb.lfasr.event.EventHandler$ProcessorThread.run(EventHandler.java:137) - [COMPENT]-CLIENT [PROCESS]-EventHandler [ID]-601c49b669b8429d84e864f78f841ad1 [STATUS]- [MEASURE]-(-1) ms [DEF]-send meger success
2018-11-22 09:17:14 [ INFO] com.iflytek.msp.cpdb.lfasr.worker.UploadWorker.upload(UploadWorker.java:100) - [COMPENT]-CLIENT [PROCESS]-UploadWorker [ID]-null [STATUS]- [MEASURE]-(-1) ms [DEF]-prepare ok
2018-11-22 09:17:14 [ INFO] com.iflytek.msp.cpdb.lfasr.worker.UploadWorker.upload(UploadWorker.java:104) - [COMPENT]-CLIENT [PROCESS]-UploadWorker [ID]-a6193dc0467b4ed9971f5299470e9f21 [STATUS]- [MEASURE]-(-1) ms [DEF]-get task_id:%sa6193dc0467b4ed9971f5299470e9f21
2018-11-22 09:17:14 [ INFO] com.iflytek.msp.cpdb.lfasr.worker.UploadWorker.metaPersistency(UploadWorker.java:152) - [COMPENT]-CLIENT [PROCESS]-UploadWorker [ID]-a6193dc0467b4ed9971f5299470e9f21 [STATUS]- [MEASURE]-(-1) ms [DEF]-write meta info success, store file:D:\dpv2t\store_path/a6193dc0467b4ed9971f5299470e9f21.dat
2018-11-22 09:17:14 [ INFO] com.iflytek.msp.cpdb.lfasr.event.EventHandler.isSendAll(EventHandler.java:183) - [COMPENT]-CLIENT [PROCESS]-EventHandler [ID]- [STATUS]- [MEASURE]-(-1) ms [DEF]-upload file 0/1
2018-11-22 09:17:15 [ INFO] com.iflytek.msp.cpdb.lfasr.event.EventHandler.isSendAll(EventHandler.java:183) - [COMPENT]-CLIENT [PROCESS]-EventHandler [ID]- [STATUS]- [MEASURE]-(-1) ms [DEF]-upload file 0/1
2018-11-22 09:17:15 [ INFO] com.iflytek.msp.cpdb.lfasr.event.EventHandler.isSendAll(EventHandler.java:183) - [COMPENT]-CLIENT [PROCESS]-EventHandler [ID]- [STATUS]- [MEASURE]-(-1) ms [DEF]-upload file 1/1
2018-11-22 09:17:15 [ INFO] com.iflytek.msp.cpdb.lfasr.worker.UploadThread.run(UploadThread.java:43) - [COMPENT]-CLIENT [PROCESS]-UploadThread [ID]-a6193dc0467b4ed9971f5299470e9f21 [STATUS]- [MEASURE]-(-1) ms [DEF]-upload file send success, file:D:\dpv2t\input\test.mp3, task_id:a6193dc0467b4ed9971f5299470e9f21
2018-11-22 09:17:16 [ INFO] com.iflytek.msp.cpdb.lfasr.event.EventHandler$ProcessorThread.run(EventHandler.java:137) - [COMPENT]-CLIENT [PROCESS]-EventHandler [ID]-a6193dc0467b4ed9971f5299470e9f21 [STATUS]- [MEASURE]-(-1) ms [DEF]-send meger success
2018-11-22 09:51:35 [ERROR] com.iflytek.msp.cpdb.lfasr.http.HttpUtil.post(HttpUtil.java:51) - [COMPENT]-CLIENT [PROCESS]-HttpUtil [ID]- [STATUS]- [MEASURE]-(-1) ms [DEF]-http post request error
org.apache.http.conn.HttpHostConnectException: Connect to lfasr.xfyun.cn:80 [lfasr.xfyun.cn/116.213.141.66] failed: Connection timed out: connect
	at org.apache.http.impl.conn.DefaultHttpClientConnectionOperator.connect(DefaultHttpClientConnectionOperator.java:151)
	at org.apache.http.impl.conn.PoolingHttpClientConnectionManager.connect(PoolingHttpClientConnectionManager.java:353)
	at org.apache.http.impl.execchain.MainClientExec.establishRoute(MainClientExec.java:380)
	at org.apache.http.impl.execchain.MainClientExec.execute(MainClientExec.java:236)
	at org.apache.http.impl.execchain.ProtocolExec.execute(ProtocolExec.java:184)
	at org.apache.http.impl.execchain.RetryExec.execute(RetryExec.java:88)
	at org.apache.http.impl.execchain.RedirectExec.execute(RedirectExec.java:110)
	at org.apache.http.impl.client.InternalHttpClient.doExecute(InternalHttpClient.java:184)
	at org.apache.http.impl.client.CloseableHttpClient.execute(CloseableHttpClient.java:82)
	at org.apache.http.impl.client.CloseableHttpClient.execute(CloseableHttpClient.java:107)
	at com.iflytek.msp.cpdb.lfasr.http.HttpUtil.post(HttpUtil.java:48)
	at com.iflytek.msp.cpdb.lfasr.worker.HttpWorker.getProgress(HttpWorker.java:93)
	at com.iflytek.msp.cpdb.lfasr.client.LfasrClientImp.lfasrGetProgress(LfasrClientImp.java:224)
	at com.iflytek.msp.lfasr.TestLfasr.main(TestLfasr.java:80)
Caused by: java.net.ConnectException: Connection timed out: connect
	at java.net.DualStackPlainSocketImpl.connect0(Native Method)
	at java.net.DualStackPlainSocketImpl.socketConnect(DualStackPlainSocketImpl.java:79)
	at java.net.AbstractPlainSocketImpl.doConnect(AbstractPlainSocketImpl.java:350)
	at java.net.AbstractPlainSocketImpl.connectToAddress(AbstractPlainSocketImpl.java:206)
	at java.net.AbstractPlainSocketImpl.connect(AbstractPlainSocketImpl.java:188)
	at java.net.PlainSocketImpl.connect(PlainSocketImpl.java:172)
	at java.net.SocksSocketImpl.connect(SocksSocketImpl.java:392)
	at java.net.Socket.connect(Socket.java:589)
	at org.apache.http.conn.socket.PlainConnectionSocketFactory.connectSocket(PlainConnectionSocketFactory.java:74)
	at org.apache.http.impl.conn.DefaultHttpClientConnectionOperator.connect(DefaultHttpClientConnectionOperator.java:134)
	... 13 more
2018-11-22 11:12:31 [ INFO] com.iflytek.msp.cpdb.lfasr.worker.UploadWorker.upload(UploadWorker.java:100) - [COMPENT]-CLIENT [PROCESS]-UploadWorker [ID]-null [STATUS]- [MEASURE]-(-1) ms [DEF]-prepare ok
2018-11-22 11:12:31 [ INFO] com.iflytek.msp.cpdb.lfasr.worker.UploadWorker.upload(UploadWorker.java:104) - [COMPENT]-CLIENT [PROCESS]-UploadWorker [ID]-623add1d6a314a49b7b296d4b025d7c2 [STATUS]- [MEASURE]-(-1) ms [DEF]-get task_id:%s623add1d6a314a49b7b296d4b025d7c2
2018-11-22 11:12:31 [ INFO] com.iflytek.msp.cpdb.lfasr.worker.UploadWorker.metaPersistency(UploadWorker.java:152) - [COMPENT]-CLIENT [PROCESS]-UploadWorker [ID]-623add1d6a314a49b7b296d4b025d7c2 [STATUS]- [MEASURE]-(-1) ms [DEF]-write meta info success, store file:D:\dpv2t\store_path/623add1d6a314a49b7b296d4b025d7c2.dat
2018-11-22 11:12:31 [ INFO] com.iflytek.msp.cpdb.lfasr.event.EventHandler.isSendAll(EventHandler.java:183) - [COMPENT]-CLIENT [PROCESS]-EventHandler [ID]- [STATUS]- [MEASURE]-(-1) ms [DEF]-upload file 0/1
2018-11-22 11:12:31 [ INFO] com.iflytek.msp.cpdb.lfasr.event.EventHandler.isSendAll(EventHandler.java:183) - [COMPENT]-CLIENT [PROCESS]-EventHandler [ID]- [STATUS]- [MEASURE]-(-1) ms [DEF]-upload file 1/1
2018-11-22 11:12:31 [ INFO] com.iflytek.msp.cpdb.lfasr.worker.UploadThread.run(UploadThread.java:43) - [COMPENT]-CLIENT [PROCESS]-UploadThread [ID]-623add1d6a314a49b7b296d4b025d7c2 [STATUS]- [MEASURE]-(-1) ms [DEF]-upload file send success, file:D:\dpv2t\input\test.mp3, task_id:623add1d6a314a49b7b296d4b025d7c2
2018-11-22 11:12:32 [ INFO] com.iflytek.msp.cpdb.lfasr.event.EventHandler$ProcessorThread.run(EventHandler.java:137) - [COMPENT]-CLIENT [PROCESS]-EventHandler [ID]-623add1d6a314a49b7b296d4b025d7c2 [STATUS]- [MEASURE]-(-1) ms [DEF]-send meger success
2018-11-22 19:33:09 [ INFO] com.iflytek.msp.cpdb.lfasr.worker.UploadWorker.upload(UploadWorker.java:100) - [COMPENT]-CLIENT [PROCESS]-UploadWorker [ID]-null [STATUS]- [MEASURE]-(-1) ms [DEF]-prepare ok
2018-11-22 19:33:09 [ INFO] com.iflytek.msp.cpdb.lfasr.worker.UploadWorker.upload(UploadWorker.java:104) - [COMPENT]-CLIENT [PROCESS]-UploadWorker [ID]-95224b320dbb4b48936ebfb97cbb7f81 [STATUS]- [MEASURE]-(-1) ms [DEF]-get task_id:%s95224b320dbb4b48936ebfb97cbb7f81
2018-11-22 19:33:09 [ INFO] com.iflytek.msp.cpdb.lfasr.worker.UploadWorker.metaPersistency(UploadWorker.java:152) - [COMPENT]-CLIENT [PROCESS]-UploadWorker [ID]-95224b320dbb4b48936ebfb97cbb7f81 [STATUS]- [MEASURE]-(-1) ms [DEF]-write meta info success, store file:D:\dpv2t\store_path/95224b320dbb4b48936ebfb97cbb7f81.dat
2018-11-22 19:33:09 [ INFO] com.iflytek.msp.cpdb.lfasr.event.EventHandler.isSendAll(EventHandler.java:183) - [COMPENT]-CLIENT [PROCESS]-EventHandler [ID]- [STATUS]- [MEASURE]-(-1) ms [DEF]-upload file 0/1
2018-11-22 19:33:10 [ INFO] com.iflytek.msp.cpdb.lfasr.event.EventHandler.isSendAll(EventHandler.java:183) - [COMPENT]-CLIENT [PROCESS]-EventHandler [ID]- [STATUS]- [MEASURE]-(-1) ms [DEF]-upload file 1/1
2018-11-22 19:33:10 [ INFO] com.iflytek.msp.cpdb.lfasr.worker.UploadThread.run(UploadThread.java:43) - [COMPENT]-CLIENT [PROCESS]-UploadThread [ID]-95224b320dbb4b48936ebfb97cbb7f81 [STATUS]- [MEASURE]-(-1) ms [DEF]-upload file send success, file:D:\dpv2t\input\test.mp3, task_id:95224b320dbb4b48936ebfb97cbb7f81
2018-11-22 19:33:11 [ INFO] com.iflytek.msp.cpdb.lfasr.event.EventHandler$ProcessorThread.run(EventHandler.java:137) - [COMPENT]-CLIENT [PROCESS]-EventHandler [ID]-95224b320dbb4b48936ebfb97cbb7f81 [STATUS]- [MEASURE]-(-1) ms [DEF]-send meger success
2018-11-22 19:35:20 [ INFO] com.iflytek.msp.cpdb.lfasr.worker.UploadWorker.upload(UploadWorker.java:100) - [COMPENT]-CLIENT [PROCESS]-UploadWorker [ID]-null [STATUS]- [MEASURE]-(-1) ms [DEF]-prepare ok
2018-11-22 19:35:20 [ INFO] com.iflytek.msp.cpdb.lfasr.worker.UploadWorker.upload(UploadWorker.java:104) - [COMPENT]-CLIENT [PROCESS]-UploadWorker [ID]-ebd19b31564640098422f81d76f2bd02 [STATUS]- [MEASURE]-(-1) ms [DEF]-get task_id:%sebd19b31564640098422f81d76f2bd02
2018-11-22 19:35:20 [ INFO] com.iflytek.msp.cpdb.lfasr.worker.UploadWorker.metaPersistency(UploadWorker.java:152) - [COMPENT]-CLIENT [PROCESS]-UploadWorker [ID]-ebd19b31564640098422f81d76f2bd02 [STATUS]- [MEASURE]-(-1) ms [DEF]-write meta info success, store file:D:\dpv2t\store_path/ebd19b31564640098422f81d76f2bd02.dat
2018-11-22 19:35:20 [ INFO] com.iflytek.msp.cpdb.lfasr.event.EventHandler.isSendAll(EventHandler.java:183) - [COMPENT]-CLIENT [PROCESS]-EventHandler [ID]- [STATUS]- [MEASURE]-(-1) ms [DEF]-upload file 0/1
2018-11-22 19:35:21 [ INFO] com.iflytek.msp.cpdb.lfasr.event.EventHandler.isSendAll(EventHandler.java:183) - [COMPENT]-CLIENT [PROCESS]-EventHandler [ID]- [STATUS]- [MEASURE]-(-1) ms [DEF]-upload file 1/1
2018-11-22 19:35:21 [ INFO] com.iflytek.msp.cpdb.lfasr.worker.UploadThread.run(UploadThread.java:43) - [COMPENT]-CLIENT [PROCESS]-UploadThread [ID]-ebd19b31564640098422f81d76f2bd02 [STATUS]- [MEASURE]-(-1) ms [DEF]-upload file send success, file:D:\dpv2t\input\test.mp3, task_id:ebd19b31564640098422f81d76f2bd02
2018-11-22 19:35:22 [ INFO] com.iflytek.msp.cpdb.lfasr.event.EventHandler$ProcessorThread.run(EventHandler.java:137) - [COMPENT]-CLIENT [PROCESS]-EventHandler [ID]-ebd19b31564640098422f81d76f2bd02 [STATUS]- [MEASURE]-(-1) ms [DEF]-send meger success
2018-11-22 19:36:54 [ERROR] com.iflytek.msp.cpdb.lfasr.worker.UploadWorker.upload(UploadWorker.java:93) - [COMPENT]-CLIENT [PROCESS]-UploadWorker [ID]-null [STATUS]- [MEASURE]-(-1) ms [DEF]-prepare error:预处理服务时长不足。您剩余的可用服务时长不足，请移步产品页http://www.xfyun.cn/services/lfasr 进行购买或者免费领取（注：标准版和电话专用版需分开进行购买或者领取）
2018-11-22 19:37:08 [ INFO] com.iflytek.msp.cpdb.lfasr.worker.UploadWorker.upload(UploadWorker.java:100) - [COMPENT]-CLIENT [PROCESS]-UploadWorker [ID]-null [STATUS]- [MEASURE]-(-1) ms [DEF]-prepare ok
2018-11-22 19:37:08 [ INFO] com.iflytek.msp.cpdb.lfasr.worker.UploadWorker.upload(UploadWorker.java:104) - [COMPENT]-CLIENT [PROCESS]-UploadWorker [ID]-df6d95c3431c4b5c961136bad1ce4785 [STATUS]- [MEASURE]-(-1) ms [DEF]-get task_id:%sdf6d95c3431c4b5c961136bad1ce4785
2018-11-22 19:37:08 [ INFO] com.iflytek.msp.cpdb.lfasr.worker.UploadWorker.metaPersistency(UploadWorker.java:152) - [COMPENT]-CLIENT [PROCESS]-UploadWorker [ID]-df6d95c3431c4b5c961136bad1ce4785 [STATUS]- [MEASURE]-(-1) ms [DEF]-write meta info success, store file:D:\dpv2t\store_path/df6d95c3431c4b5c961136bad1ce4785.dat
2018-11-22 19:37:08 [ INFO] com.iflytek.msp.cpdb.lfasr.event.EventHandler.isSendAll(EventHandler.java:183) - [COMPENT]-CLIENT [PROCESS]-EventHandler [ID]- [STATUS]- [MEASURE]-(-1) ms [DEF]-upload file 0/1
2018-11-22 19:37:08 [ INFO] com.iflytek.msp.cpdb.lfasr.event.EventHandler.isSendAll(EventHandler.java:183) - [COMPENT]-CLIENT [PROCESS]-EventHandler [ID]- [STATUS]- [MEASURE]-(-1) ms [DEF]-upload file 1/1
2018-11-22 19:37:08 [ INFO] com.iflytek.msp.cpdb.lfasr.worker.UploadThread.run(UploadThread.java:43) - [COMPENT]-CLIENT [PROCESS]-UploadThread [ID]-df6d95c3431c4b5c961136bad1ce4785 [STATUS]- [MEASURE]-(-1) ms [DEF]-upload file send success, file:D:\dpv2t\input\test.mp3, task_id:df6d95c3431c4b5c961136bad1ce4785
2018-11-22 19:37:10 [ INFO] com.iflytek.msp.cpdb.lfasr.event.EventHandler$ProcessorThread.run(EventHandler.java:137) - [COMPENT]-CLIENT [PROCESS]-EventHandler [ID]-df6d95c3431c4b5c961136bad1ce4785 [STATUS]- [MEASURE]-(-1) ms [DEF]-send meger success
2018-11-22 19:37:41 [ INFO] com.iflytek.msp.cpdb.lfasr.worker.UploadWorker.upload(UploadWorker.java:100) - [COMPENT]-CLIENT [PROCESS]-UploadWorker [ID]-null [STATUS]- [MEASURE]-(-1) ms [DEF]-prepare ok
2018-11-22 19:37:41 [ INFO] com.iflytek.msp.cpdb.lfasr.worker.UploadWorker.upload(UploadWorker.java:104) - [COMPENT]-CLIENT [PROCESS]-UploadWorker [ID]-0cb75a367e9e47d7968b0067f7337906 [STATUS]- [MEASURE]-(-1) ms [DEF]-get task_id:%s0cb75a367e9e47d7968b0067f7337906
2018-11-22 19:37:41 [ INFO] com.iflytek.msp.cpdb.lfasr.worker.UploadWorker.metaPersistency(UploadWorker.java:152) - [COMPENT]-CLIENT [PROCESS]-UploadWorker [ID]-0cb75a367e9e47d7968b0067f7337906 [STATUS]- [MEASURE]-(-1) ms [DEF]-write meta info success, store file:D:\dpv2t\store_path/0cb75a367e9e47d7968b0067f7337906.dat
2018-11-22 19:37:41 [ INFO] com.iflytek.msp.cpdb.lfasr.event.EventHandler.isSendAll(EventHandler.java:183) - [COMPENT]-CLIENT [PROCESS]-EventHandler [ID]- [STATUS]- [MEASURE]-(-1) ms [DEF]-upload file 0/1
2018-11-22 19:37:42 [ INFO] com.iflytek.msp.cpdb.lfasr.event.EventHandler.isSendAll(EventHandler.java:183) - [COMPENT]-CLIENT [PROCESS]-EventHandler [ID]- [STATUS]- [MEASURE]-(-1) ms [DEF]-upload file 1/1
2018-11-22 19:37:42 [ INFO] com.iflytek.msp.cpdb.lfasr.worker.UploadThread.run(UploadThread.java:43) - [COMPENT]-CLIENT [PROCESS]-UploadThread [ID]-0cb75a367e9e47d7968b0067f7337906 [STATUS]- [MEASURE]-(-1) ms [DEF]-upload file send success, file:D:\dpv2t\input\test.mp3, task_id:0cb75a367e9e47d7968b0067f7337906
2018-11-22 19:37:43 [ INFO] com.iflytek.msp.cpdb.lfasr.event.EventHandler$ProcessorThread.run(EventHandler.java:137) - [COMPENT]-CLIENT [PROCESS]-EventHandler [ID]-0cb75a367e9e47d7968b0067f7337906 [STATUS]- [MEASURE]-(-1) ms [DEF]-send meger success
2018-11-22 19:38:58 [ INFO] com.iflytek.msp.cpdb.lfasr.worker.UploadWorker.upload(UploadWorker.java:100) - [COMPENT]-CLIENT [PROCESS]-UploadWorker [ID]-null [STATUS]- [MEASURE]-(-1) ms [DEF]-prepare ok
2018-11-22 19:38:58 [ INFO] com.iflytek.msp.cpdb.lfasr.worker.UploadWorker.upload(UploadWorker.java:104) - [COMPENT]-CLIENT [PROCESS]-UploadWorker [ID]-3bb6998bde524f6eb676e634c9e81a79 [STATUS]- [MEASURE]-(-1) ms [DEF]-get task_id:%s3bb6998bde524f6eb676e634c9e81a79
2018-11-22 19:38:58 [ INFO] com.iflytek.msp.cpdb.lfasr.worker.UploadWorker.metaPersistency(UploadWorker.java:152) - [COMPENT]-CLIENT [PROCESS]-UploadWorker [ID]-3bb6998bde524f6eb676e634c9e81a79 [STATUS]- [MEASURE]-(-1) ms [DEF]-write meta info success, store file:D:\dpv2t\store_path/3bb6998bde524f6eb676e634c9e81a79.dat
2018-11-22 19:38:59 [ INFO] com.iflytek.msp.cpdb.lfasr.event.EventHandler.isSendAll(EventHandler.java:183) - [COMPENT]-CLIENT [PROCESS]-EventHandler [ID]- [STATUS]- [MEASURE]-(-1) ms [DEF]-upload file 0/1
2018-11-22 19:38:59 [ INFO] com.iflytek.msp.cpdb.lfasr.event.EventHandler.isSendAll(EventHandler.java:183) - [COMPENT]-CLIENT [PROCESS]-EventHandler [ID]- [STATUS]- [MEASURE]-(-1) ms [DEF]-upload file 1/1
2018-11-22 19:38:59 [ INFO] com.iflytek.msp.cpdb.lfasr.worker.UploadThread.run(UploadThread.java:43) - [COMPENT]-CLIENT [PROCESS]-UploadThread [ID]-3bb6998bde524f6eb676e634c9e81a79 [STATUS]- [MEASURE]-(-1) ms [DEF]-upload file send success, file:D:\dpv2t\input\test.mp3, task_id:3bb6998bde524f6eb676e634c9e81a79
2018-11-22 19:39:00 [ INFO] com.iflytek.msp.cpdb.lfasr.event.EventHandler$ProcessorThread.run(EventHandler.java:137) - [COMPENT]-CLIENT [PROCESS]-EventHandler [ID]-3bb6998bde524f6eb676e634c9e81a79 [STATUS]- [MEASURE]-(-1) ms [DEF]-send meger success
2018-11-22 19:40:26 [ INFO] com.iflytek.msp.cpdb.lfasr.worker.UploadWorker.upload(UploadWorker.java:100) - [COMPENT]-CLIENT [PROCESS]-UploadWorker [ID]-null [STATUS]- [MEASURE]-(-1) ms [DEF]-prepare ok
2018-11-22 19:40:26 [ INFO] com.iflytek.msp.cpdb.lfasr.worker.UploadWorker.upload(UploadWorker.java:104) - [COMPENT]-CLIENT [PROCESS]-UploadWorker [ID]-b0c92ea8f09641b0bbf6c7947f9e1109 [STATUS]- [MEASURE]-(-1) ms [DEF]-get task_id:%sb0c92ea8f09641b0bbf6c7947f9e1109
2018-11-22 19:40:26 [ INFO] com.iflytek.msp.cpdb.lfasr.worker.UploadWorker.metaPersistency(UploadWorker.java:152) - [COMPENT]-CLIENT [PROCESS]-UploadWorker [ID]-b0c92ea8f09641b0bbf6c7947f9e1109 [STATUS]- [MEASURE]-(-1) ms [DEF]-write meta info success, store file:D:\dpv2t\store_path/b0c92ea8f09641b0bbf6c7947f9e1109.dat
2018-11-22 19:40:26 [ INFO] com.iflytek.msp.cpdb.lfasr.event.EventHandler.isSendAll(EventHandler.java:183) - [COMPENT]-CLIENT [PROCESS]-EventHandler [ID]- [STATUS]- [MEASURE]-(-1) ms [DEF]-upload file 0/1
2018-11-22 19:40:27 [ INFO] com.iflytek.msp.cpdb.lfasr.event.EventHandler.isSendAll(EventHandler.java:183) - [COMPENT]-CLIENT [PROCESS]-EventHandler [ID]- [STATUS]- [MEASURE]-(-1) ms [DEF]-upload file 1/1
2018-11-22 19:40:27 [ INFO] com.iflytek.msp.cpdb.lfasr.worker.UploadThread.run(UploadThread.java:43) - [COMPENT]-CLIENT [PROCESS]-UploadThread [ID]-b0c92ea8f09641b0bbf6c7947f9e1109 [STATUS]- [MEASURE]-(-1) ms [DEF]-upload file send success, file:D:\dpv2t\input\test.mp3, task_id:b0c92ea8f09641b0bbf6c7947f9e1109
2018-11-22 19:40:28 [ INFO] com.iflytek.msp.cpdb.lfasr.event.EventHandler$ProcessorThread.run(EventHandler.java:137) - [COMPENT]-CLIENT [PROCESS]-EventHandler [ID]-b0c92ea8f09641b0bbf6c7947f9e1109 [STATUS]- [MEASURE]-(-1) ms [DEF]-send meger success
2018-11-22 19:41:46 [ INFO] com.iflytek.msp.cpdb.lfasr.worker.UploadWorker.upload(UploadWorker.java:100) - [COMPENT]-CLIENT [PROCESS]-UploadWorker [ID]-null [STATUS]- [MEASURE]-(-1) ms [DEF]-prepare ok
2018-11-22 19:41:46 [ INFO] com.iflytek.msp.cpdb.lfasr.worker.UploadWorker.upload(UploadWorker.java:104) - [COMPENT]-CLIENT [PROCESS]-UploadWorker [ID]-85f43d5ea2e043d1af3b50225f20c5ca [STATUS]- [MEASURE]-(-1) ms [DEF]-get task_id:%s85f43d5ea2e043d1af3b50225f20c5ca
2018-11-22 19:41:46 [ INFO] com.iflytek.msp.cpdb.lfasr.worker.UploadWorker.metaPersistency(UploadWorker.java:152) - [COMPENT]-CLIENT [PROCESS]-UploadWorker [ID]-85f43d5ea2e043d1af3b50225f20c5ca [STATUS]- [MEASURE]-(-1) ms [DEF]-write meta info success, store file:D:\dpv2t\store_path/85f43d5ea2e043d1af3b50225f20c5ca.dat
2018-11-22 19:41:46 [ INFO] com.iflytek.msp.cpdb.lfasr.event.EventHandler.isSendAll(EventHandler.java:183) - [COMPENT]-CLIENT [PROCESS]-EventHandler [ID]- [STATUS]- [MEASURE]-(-1) ms [DEF]-upload file 0/1
2018-11-22 19:41:47 [ INFO] com.iflytek.msp.cpdb.lfasr.event.EventHandler.isSendAll(EventHandler.java:183) - [COMPENT]-CLIENT [PROCESS]-EventHandler [ID]- [STATUS]- [MEASURE]-(-1) ms [DEF]-upload file 1/1
2018-11-22 19:41:47 [ INFO] com.iflytek.msp.cpdb.lfasr.worker.UploadThread.run(UploadThread.java:43) - [COMPENT]-CLIENT [PROCESS]-UploadThread [ID]-85f43d5ea2e043d1af3b50225f20c5ca [STATUS]- [MEASURE]-(-1) ms [DEF]-upload file send success, file:D:\dpv2t\input\test.mp3, task_id:85f43d5ea2e043d1af3b50225f20c5ca
2018-11-22 19:41:48 [ INFO] com.iflytek.msp.cpdb.lfasr.event.EventHandler$ProcessorThread.run(EventHandler.java:137) - [COMPENT]-CLIENT [PROCESS]-EventHandler [ID]-85f43d5ea2e043d1af3b50225f20c5ca [STATUS]- [MEASURE]-(-1) ms [DEF]-send meger success
2018-11-22 19:43:34 [ INFO] com.iflytek.msp.cpdb.lfasr.worker.UploadWorker.upload(UploadWorker.java:100) - [COMPENT]-CLIENT [PROCESS]-UploadWorker [ID]-null [STATUS]- [MEASURE]-(-1) ms [DEF]-prepare ok
2018-11-22 19:43:34 [ INFO] com.iflytek.msp.cpdb.lfasr.worker.UploadWorker.upload(UploadWorker.java:104) - [COMPENT]-CLIENT [PROCESS]-UploadWorker [ID]-4cb357355a2f4e128910a1de46cd31e4 [STATUS]- [MEASURE]-(-1) ms [DEF]-get task_id:%s4cb357355a2f4e128910a1de46cd31e4
2018-11-22 19:43:34 [ INFO] com.iflytek.msp.cpdb.lfasr.worker.UploadWorker.metaPersistency(UploadWorker.java:152) - [COMPENT]-CLIENT [PROCESS]-UploadWorker [ID]-4cb357355a2f4e128910a1de46cd31e4 [STATUS]- [MEASURE]-(-1) ms [DEF]-write meta info success, store file:D:\dpv2t\store_path/4cb357355a2f4e128910a1de46cd31e4.dat
2018-11-22 19:43:34 [ INFO] com.iflytek.msp.cpdb.lfasr.event.EventHandler.isSendAll(EventHandler.java:183) - [COMPENT]-CLIENT [PROCESS]-EventHandler [ID]- [STATUS]- [MEASURE]-(-1) ms [DEF]-upload file 0/1
2018-11-22 19:43:35 [ INFO] com.iflytek.msp.cpdb.lfasr.event.EventHandler.isSendAll(EventHandler.java:183) - [COMPENT]-CLIENT [PROCESS]-EventHandler [ID]- [STATUS]- [MEASURE]-(-1) ms [DEF]-upload file 1/1
2018-11-22 19:43:35 [ INFO] com.iflytek.msp.cpdb.lfasr.worker.UploadThread.run(UploadThread.java:43) - [COMPENT]-CLIENT [PROCESS]-UploadThread [ID]-4cb357355a2f4e128910a1de46cd31e4 [STATUS]- [MEASURE]-(-1) ms [DEF]-upload file send success, file:D:\dpv2t\input\test.mp3, task_id:4cb357355a2f4e128910a1de46cd31e4
2018-11-22 19:43:37 [ INFO] com.iflytek.msp.cpdb.lfasr.event.EventHandler$ProcessorThread.run(EventHandler.java:137) - [COMPENT]-CLIENT [PROCESS]-EventHandler [ID]-4cb357355a2f4e128910a1de46cd31e4 [STATUS]- [MEASURE]-(-1) ms [DEF]-send meger success
2018-11-22 19:45:56 [ INFO] com.iflytek.msp.cpdb.lfasr.worker.UploadWorker.upload(UploadWorker.java:100) - [COMPENT]-CLIENT [PROCESS]-UploadWorker [ID]-null [STATUS]- [MEASURE]-(-1) ms [DEF]-prepare ok
2018-11-22 19:45:56 [ INFO] com.iflytek.msp.cpdb.lfasr.worker.UploadWorker.upload(UploadWorker.java:104) - [COMPENT]-CLIENT [PROCESS]-UploadWorker [ID]-1e4b7e156d6d473b9910149cc3bd7dd8 [STATUS]- [MEASURE]-(-1) ms [DEF]-get task_id:%s1e4b7e156d6d473b9910149cc3bd7dd8
2018-11-22 19:45:56 [ INFO] com.iflytek.msp.cpdb.lfasr.worker.UploadWorker.metaPersistency(UploadWorker.java:152) - [COMPENT]-CLIENT [PROCESS]-UploadWorker [ID]-1e4b7e156d6d473b9910149cc3bd7dd8 [STATUS]- [MEASURE]-(-1) ms [DEF]-write meta info success, store file:D:\dpv2t\store_path/1e4b7e156d6d473b9910149cc3bd7dd8.dat
2018-11-22 19:45:56 [ INFO] com.iflytek.msp.cpdb.lfasr.event.EventHandler.isSendAll(EventHandler.java:183) - [COMPENT]-CLIENT [PROCESS]-EventHandler [ID]- [STATUS]- [MEASURE]-(-1) ms [DEF]-upload file 0/1
2018-11-22 19:45:56 [ INFO] com.iflytek.msp.cpdb.lfasr.event.EventHandler.isSendAll(EventHandler.java:183) - [COMPENT]-CLIENT [PROCESS]-EventHandler [ID]- [STATUS]- [MEASURE]-(-1) ms [DEF]-upload file 1/1
2018-11-22 19:45:56 [ INFO] com.iflytek.msp.cpdb.lfasr.worker.UploadThread.run(UploadThread.java:43) - [COMPENT]-CLIENT [PROCESS]-UploadThread [ID]-1e4b7e156d6d473b9910149cc3bd7dd8 [STATUS]- [MEASURE]-(-1) ms [DEF]-upload file send success, file:D:\dpv2t\input\test.mp3, task_id:1e4b7e156d6d473b9910149cc3bd7dd8
2018-11-22 19:45:57 [ INFO] com.iflytek.msp.cpdb.lfasr.event.EventHandler$ProcessorThread.run(EventHandler.java:137) - [COMPENT]-CLIENT [PROCESS]-EventHandler [ID]-1e4b7e156d6d473b9910149cc3bd7dd8 [STATUS]- [MEASURE]-(-1) ms [DEF]-send meger success
2018-11-22 19:47:26 [ INFO] com.iflytek.msp.cpdb.lfasr.worker.UploadWorker.upload(UploadWorker.java:100) - [COMPENT]-CLIENT [PROCESS]-UploadWorker [ID]-null [STATUS]- [MEASURE]-(-1) ms [DEF]-prepare ok
2018-11-22 19:47:26 [ INFO] com.iflytek.msp.cpdb.lfasr.worker.UploadWorker.upload(UploadWorker.java:104) - [COMPENT]-CLIENT [PROCESS]-UploadWorker [ID]-e064e99573c94fea885bf1d35887fb41 [STATUS]- [MEASURE]-(-1) ms [DEF]-get task_id:%se064e99573c94fea885bf1d35887fb41
2018-11-22 19:47:26 [ INFO] com.iflytek.msp.cpdb.lfasr.worker.UploadWorker.metaPersistency(UploadWorker.java:152) - [COMPENT]-CLIENT [PROCESS]-UploadWorker [ID]-e064e99573c94fea885bf1d35887fb41 [STATUS]- [MEASURE]-(-1) ms [DEF]-write meta info success, store file:D:\dpv2t\store_path/e064e99573c94fea885bf1d35887fb41.dat
2018-11-22 19:47:26 [ INFO] com.iflytek.msp.cpdb.lfasr.event.EventHandler.isSendAll(EventHandler.java:183) - [COMPENT]-CLIENT [PROCESS]-EventHandler [ID]- [STATUS]- [MEASURE]-(-1) ms [DEF]-upload file 0/5
2018-11-22 19:47:27 [ INFO] com.iflytek.msp.cpdb.lfasr.event.EventHandler.isSendAll(EventHandler.java:183) - [COMPENT]-CLIENT [PROCESS]-EventHandler [ID]- [STATUS]- [MEASURE]-(-1) ms [DEF]-upload file 0/5
2018-11-22 19:47:27 [ INFO] com.iflytek.msp.cpdb.lfasr.event.EventHandler.isSendAll(EventHandler.java:183) - [COMPENT]-CLIENT [PROCESS]-EventHandler [ID]- [STATUS]- [MEASURE]-(-1) ms [DEF]-upload file 0/5
2018-11-22 19:47:28 [ INFO] com.iflytek.msp.cpdb.lfasr.event.EventHandler.isSendAll(EventHandler.java:183) - [COMPENT]-CLIENT [PROCESS]-EventHandler [ID]- [STATUS]- [MEASURE]-(-1) ms [DEF]-upload file 0/5
2018-11-22 19:47:28 [ INFO] com.iflytek.msp.cpdb.lfasr.event.EventHandler.isSendAll(EventHandler.java:183) - [COMPENT]-CLIENT [PROCESS]-EventHandler [ID]- [STATUS]- [MEASURE]-(-1) ms [DEF]-upload file 0/5
2018-11-22 19:47:29 [ INFO] com.iflytek.msp.cpdb.lfasr.event.EventHandler.isSendAll(EventHandler.java:183) - [COMPENT]-CLIENT [PROCESS]-EventHandler [ID]- [STATUS]- [MEASURE]-(-1) ms [DEF]-upload file 0/5
2018-11-22 19:47:29 [ INFO] com.iflytek.msp.cpdb.lfasr.event.EventHandler.isSendAll(EventHandler.java:183) - [COMPENT]-CLIENT [PROCESS]-EventHandler [ID]- [STATUS]- [MEASURE]-(-1) ms [DEF]-upload file 2/5
2018-11-22 19:47:30 [ INFO] com.iflytek.msp.cpdb.lfasr.event.EventHandler.isSendAll(EventHandler.java:183) - [COMPENT]-CLIENT [PROCESS]-EventHandler [ID]- [STATUS]- [MEASURE]-(-1) ms [DEF]-upload file 2/5
2018-11-22 19:47:30 [ INFO] com.iflytek.msp.cpdb.lfasr.event.EventHandler.isSendAll(EventHandler.java:183) - [COMPENT]-CLIENT [PROCESS]-EventHandler [ID]- [STATUS]- [MEASURE]-(-1) ms [DEF]-upload file 2/5
2018-11-22 19:47:31 [ INFO] com.iflytek.msp.cpdb.lfasr.event.EventHandler.isSendAll(EventHandler.java:183) - [COMPENT]-CLIENT [PROCESS]-EventHandler [ID]- [STATUS]- [MEASURE]-(-1) ms [DEF]-upload file 5/5
2018-11-22 19:47:31 [ INFO] com.iflytek.msp.cpdb.lfasr.worker.UploadThread.run(UploadThread.java:43) - [COMPENT]-CLIENT [PROCESS]-UploadThread [ID]-e064e99573c94fea885bf1d35887fb41 [STATUS]- [MEASURE]-(-1) ms [DEF]-upload file send success, file:D:\dpv2t\input\test.mp3, task_id:e064e99573c94fea885bf1d35887fb41
2018-11-22 19:47:32 [ INFO] com.iflytek.msp.cpdb.lfasr.event.EventHandler$ProcessorThread.run(EventHandler.java:137) - [COMPENT]-CLIENT [PROCESS]-EventHandler [ID]-e064e99573c94fea885bf1d35887fb41 [STATUS]- [MEASURE]-(-1) ms [DEF]-send meger success
2018-11-22 19:49:00 [ INFO] com.iflytek.msp.cpdb.lfasr.worker.UploadWorker.upload(UploadWorker.java:100) - [COMPENT]-CLIENT [PROCESS]-UploadWorker [ID]-null [STATUS]- [MEASURE]-(-1) ms [DEF]-prepare ok
2018-11-22 19:49:00 [ INFO] com.iflytek.msp.cpdb.lfasr.worker.UploadWorker.upload(UploadWorker.java:104) - [COMPENT]-CLIENT [PROCESS]-UploadWorker [ID]-7c99529d9a5c437887f6e3d3082d0b32 [STATUS]- [MEASURE]-(-1) ms [DEF]-get task_id:%s7c99529d9a5c437887f6e3d3082d0b32
2018-11-22 19:49:00 [ INFO] com.iflytek.msp.cpdb.lfasr.worker.UploadWorker.metaPersistency(UploadWorker.java:152) - [COMPENT]-CLIENT [PROCESS]-UploadWorker [ID]-7c99529d9a5c437887f6e3d3082d0b32 [STATUS]- [MEASURE]-(-1) ms [DEF]-write meta info success, store file:D:\dpv2t\store_path/7c99529d9a5c437887f6e3d3082d0b32.dat
2018-11-22 19:49:00 [ INFO] com.iflytek.msp.cpdb.lfasr.event.EventHandler.isSendAll(EventHandler.java:183) - [COMPENT]-CLIENT [PROCESS]-EventHandler [ID]- [STATUS]- [MEASURE]-(-1) ms [DEF]-upload file 0/5
2018-11-22 19:49:00 [ INFO] com.iflytek.msp.cpdb.lfasr.event.EventHandler.isSendAll(EventHandler.java:183) - [COMPENT]-CLIENT [PROCESS]-EventHandler [ID]- [STATUS]- [MEASURE]-(-1) ms [DEF]-upload file 0/5
2018-11-22 19:49:01 [ INFO] com.iflytek.msp.cpdb.lfasr.event.EventHandler.isSendAll(EventHandler.java:183) - [COMPENT]-CLIENT [PROCESS]-EventHandler [ID]- [STATUS]- [MEASURE]-(-1) ms [DEF]-upload file 0/5
2018-11-22 19:49:01 [ INFO] com.iflytek.msp.cpdb.lfasr.event.EventHandler.isSendAll(EventHandler.java:183) - [COMPENT]-CLIENT [PROCESS]-EventHandler [ID]- [STATUS]- [MEASURE]-(-1) ms [DEF]-upload file 0/5
2018-11-22 19:49:02 [ INFO] com.iflytek.msp.cpdb.lfasr.event.EventHandler.isSendAll(EventHandler.java:183) - [COMPENT]-CLIENT [PROCESS]-EventHandler [ID]- [STATUS]- [MEASURE]-(-1) ms [DEF]-upload file 0/5
2018-11-22 19:49:02 [ INFO] com.iflytek.msp.cpdb.lfasr.event.EventHandler.isSendAll(EventHandler.java:183) - [COMPENT]-CLIENT [PROCESS]-EventHandler [ID]- [STATUS]- [MEASURE]-(-1) ms [DEF]-upload file 0/5
2018-11-22 19:49:03 [ INFO] com.iflytek.msp.cpdb.lfasr.event.EventHandler.isSendAll(EventHandler.java:183) - [COMPENT]-CLIENT [PROCESS]-EventHandler [ID]- [STATUS]- [MEASURE]-(-1) ms [DEF]-upload file 1/5
2018-11-22 19:49:03 [ INFO] com.iflytek.msp.cpdb.lfasr.event.EventHandler.isSendAll(EventHandler.java:183) - [COMPENT]-CLIENT [PROCESS]-EventHandler [ID]- [STATUS]- [MEASURE]-(-1) ms [DEF]-upload file 3/5
2018-11-22 19:49:04 [ INFO] com.iflytek.msp.cpdb.lfasr.event.EventHandler.isSendAll(EventHandler.java:183) - [COMPENT]-CLIENT [PROCESS]-EventHandler [ID]- [STATUS]- [MEASURE]-(-1) ms [DEF]-upload file 4/5
2018-11-22 19:49:04 [ INFO] com.iflytek.msp.cpdb.lfasr.event.EventHandler.isSendAll(EventHandler.java:183) - [COMPENT]-CLIENT [PROCESS]-EventHandler [ID]- [STATUS]- [MEASURE]-(-1) ms [DEF]-upload file 5/5
2018-11-22 19:49:04 [ INFO] com.iflytek.msp.cpdb.lfasr.worker.UploadThread.run(UploadThread.java:43) - [COMPENT]-CLIENT [PROCESS]-UploadThread [ID]-7c99529d9a5c437887f6e3d3082d0b32 [STATUS]- [MEASURE]-(-1) ms [DEF]-upload file send success, file:D:\dpv2t\input\test.mp3, task_id:7c99529d9a5c437887f6e3d3082d0b32
2018-11-22 19:49:06 [ INFO] com.iflytek.msp.cpdb.lfasr.event.EventHandler$ProcessorThread.run(EventHandler.java:137) - [COMPENT]-CLIENT [PROCESS]-EventHandler [ID]-7c99529d9a5c437887f6e3d3082d0b32 [STATUS]- [MEASURE]-(-1) ms [DEF]-send meger success
2018-11-22 19:52:23 [ INFO] com.iflytek.msp.cpdb.lfasr.worker.UploadWorker.upload(UploadWorker.java:100) - [COMPENT]-CLIENT [PROCESS]-UploadWorker [ID]-null [STATUS]- [MEASURE]-(-1) ms [DEF]-prepare ok
2018-11-22 19:52:23 [ INFO] com.iflytek.msp.cpdb.lfasr.worker.UploadWorker.upload(UploadWorker.java:104) - [COMPENT]-CLIENT [PROCESS]-UploadWorker [ID]-a7a00bc90b0a4f6088d98473b4525645 [STATUS]- [MEASURE]-(-1) ms [DEF]-get task_id:%sa7a00bc90b0a4f6088d98473b4525645
2018-11-22 19:52:23 [ INFO] com.iflytek.msp.cpdb.lfasr.worker.UploadWorker.metaPersistency(UploadWorker.java:152) - [COMPENT]-CLIENT [PROCESS]-UploadWorker [ID]-a7a00bc90b0a4f6088d98473b4525645 [STATUS]- [MEASURE]-(-1) ms [DEF]-write meta info success, store file:D:\dpv2t\store_path/a7a00bc90b0a4f6088d98473b4525645.dat
2018-11-22 19:52:23 [ INFO] com.iflytek.msp.cpdb.lfasr.event.EventHandler.isSendAll(EventHandler.java:183) - [COMPENT]-CLIENT [PROCESS]-EventHandler [ID]- [STATUS]- [MEASURE]-(-1) ms [DEF]-upload file 0/1
2018-11-22 19:52:24 [ INFO] com.iflytek.msp.cpdb.lfasr.event.EventHandler.isSendAll(EventHandler.java:183) - [COMPENT]-CLIENT [PROCESS]-EventHandler [ID]- [STATUS]- [MEASURE]-(-1) ms [DEF]-upload file 1/1
2018-11-22 19:52:24 [ INFO] com.iflytek.msp.cpdb.lfasr.worker.UploadThread.run(UploadThread.java:43) - [COMPENT]-CLIENT [PROCESS]-UploadThread [ID]-a7a00bc90b0a4f6088d98473b4525645 [STATUS]- [MEASURE]-(-1) ms [DEF]-upload file send success, file:D:\dpv2t\input\test.mp3, task_id:a7a00bc90b0a4f6088d98473b4525645
2018-11-22 19:52:25 [ INFO] com.iflytek.msp.cpdb.lfasr.event.EventHandler$ProcessorThread.run(EventHandler.java:137) - [COMPENT]-CLIENT [PROCESS]-EventHandler [ID]-a7a00bc90b0a4f6088d98473b4525645 [STATUS]- [MEASURE]-(-1) ms [DEF]-send meger success
2018-11-22 19:53:16 [ INFO] com.iflytek.msp.cpdb.lfasr.worker.UploadWorker.upload(UploadWorker.java:100) - [COMPENT]-CLIENT [PROCESS]-UploadWorker [ID]-null [STATUS]- [MEASURE]-(-1) ms [DEF]-prepare ok
2018-11-22 19:53:16 [ INFO] com.iflytek.msp.cpdb.lfasr.worker.UploadWorker.upload(UploadWorker.java:104) - [COMPENT]-CLIENT [PROCESS]-UploadWorker [ID]-67ded67e6f274b259aa43bf0272425e1 [STATUS]- [MEASURE]-(-1) ms [DEF]-get task_id:%s67ded67e6f274b259aa43bf0272425e1
2018-11-22 19:53:16 [ INFO] com.iflytek.msp.cpdb.lfasr.worker.UploadWorker.metaPersistency(UploadWorker.java:152) - [COMPENT]-CLIENT [PROCESS]-UploadWorker [ID]-67ded67e6f274b259aa43bf0272425e1 [STATUS]- [MEASURE]-(-1) ms [DEF]-write meta info success, store file:D:\dpv2t\store_path/67ded67e6f274b259aa43bf0272425e1.dat
2018-11-22 19:53:16 [ INFO] com.iflytek.msp.cpdb.lfasr.event.EventHandler.isSendAll(EventHandler.java:183) - [COMPENT]-CLIENT [PROCESS]-EventHandler [ID]- [STATUS]- [MEASURE]-(-1) ms [DEF]-upload file 0/1
2018-11-22 19:53:17 [ INFO] com.iflytek.msp.cpdb.lfasr.event.EventHandler.isSendAll(EventHandler.java:183) - [COMPENT]-CLIENT [PROCESS]-EventHandler [ID]- [STATUS]- [MEASURE]-(-1) ms [DEF]-upload file 0/1
2018-11-22 19:53:17 [ INFO] com.iflytek.msp.cpdb.lfasr.event.EventHandler.isSendAll(EventHandler.java:183) - [COMPENT]-CLIENT [PROCESS]-EventHandler [ID]- [STATUS]- [MEASURE]-(-1) ms [DEF]-upload file 1/1
2018-11-22 19:53:17 [ INFO] com.iflytek.msp.cpdb.lfasr.worker.UploadThread.run(UploadThread.java:43) - [COMPENT]-CLIENT [PROCESS]-UploadThread [ID]-67ded67e6f274b259aa43bf0272425e1 [STATUS]- [MEASURE]-(-1) ms [DEF]-upload file send success, file:D:\dpv2t\input\test.mp3, task_id:67ded67e6f274b259aa43bf0272425e1
2018-11-22 19:53:18 [ INFO] com.iflytek.msp.cpdb.lfasr.event.EventHandler$ProcessorThread.run(EventHandler.java:137) - [COMPENT]-CLIENT [PROCESS]-EventHandler [ID]-67ded67e6f274b259aa43bf0272425e1 [STATUS]- [MEASURE]-(-1) ms [DEF]-send meger success
2018-11-22 19:56:06 [ INFO] com.iflytek.msp.cpdb.lfasr.worker.UploadWorker.upload(UploadWorker.java:100) - [COMPENT]-CLIENT [PROCESS]-UploadWorker [ID]-null [STATUS]- [MEASURE]-(-1) ms [DEF]-prepare ok
2018-11-22 19:56:06 [ INFO] com.iflytek.msp.cpdb.lfasr.worker.UploadWorker.upload(UploadWorker.java:104) - [COMPENT]-CLIENT [PROCESS]-UploadWorker [ID]-e7ed4568c44d4fc7817667db48fe8e96 [STATUS]- [MEASURE]-(-1) ms [DEF]-get task_id:%se7ed4568c44d4fc7817667db48fe8e96
2018-11-22 19:56:06 [ INFO] com.iflytek.msp.cpdb.lfasr.worker.UploadWorker.metaPersistency(UploadWorker.java:152) - [COMPENT]-CLIENT [PROCESS]-UploadWorker [ID]-e7ed4568c44d4fc7817667db48fe8e96 [STATUS]- [MEASURE]-(-1) ms [DEF]-write meta info success, store file:D:\dpv2t\store_path/e7ed4568c44d4fc7817667db48fe8e96.dat
2018-11-22 19:56:06 [ INFO] com.iflytek.msp.cpdb.lfasr.event.EventHandler.isSendAll(EventHandler.java:183) - [COMPENT]-CLIENT [PROCESS]-EventHandler [ID]- [STATUS]- [MEASURE]-(-1) ms [DEF]-upload file 0/1
2018-11-22 19:56:06 [ INFO] com.iflytek.msp.cpdb.lfasr.event.EventHandler.isSendAll(EventHandler.java:183) - [COMPENT]-CLIENT [PROCESS]-EventHandler [ID]- [STATUS]- [MEASURE]-(-1) ms [DEF]-upload file 0/1
2018-11-22 19:56:07 [ INFO] com.iflytek.msp.cpdb.lfasr.event.EventHandler.isSendAll(EventHandler.java:183) - [COMPENT]-CLIENT [PROCESS]-EventHandler [ID]- [STATUS]- [MEASURE]-(-1) ms [DEF]-upload file 1/1
2018-11-22 19:56:07 [ INFO] com.iflytek.msp.cpdb.lfasr.worker.UploadThread.run(UploadThread.java:43) - [COMPENT]-CLIENT [PROCESS]-UploadThread [ID]-e7ed4568c44d4fc7817667db48fe8e96 [STATUS]- [MEASURE]-(-1) ms [DEF]-upload file send success, file:D:\dpv2t\input\test.mp3, task_id:e7ed4568c44d4fc7817667db48fe8e96
2018-11-22 19:56:08 [ INFO] com.iflytek.msp.cpdb.lfasr.event.EventHandler$ProcessorThread.run(EventHandler.java:137) - [COMPENT]-CLIENT [PROCESS]-EventHandler [ID]-e7ed4568c44d4fc7817667db48fe8e96 [STATUS]- [MEASURE]-(-1) ms [DEF]-send meger success
2018-11-22 19:59:38 [ INFO] com.iflytek.msp.cpdb.lfasr.worker.UploadWorker.upload(UploadWorker.java:100) - [COMPENT]-CLIENT [PROCESS]-UploadWorker [ID]-null [STATUS]- [MEASURE]-(-1) ms [DEF]-prepare ok
2018-11-22 19:59:38 [ INFO] com.iflytek.msp.cpdb.lfasr.worker.UploadWorker.upload(UploadWorker.java:104) - [COMPENT]-CLIENT [PROCESS]-UploadWorker [ID]-e8fd3dca7440413985bc712307a33d35 [STATUS]- [MEASURE]-(-1) ms [DEF]-get task_id:%se8fd3dca7440413985bc712307a33d35
2018-11-22 19:59:38 [ INFO] com.iflytek.msp.cpdb.lfasr.worker.UploadWorker.metaPersistency(UploadWorker.java:152) - [COMPENT]-CLIENT [PROCESS]-UploadWorker [ID]-e8fd3dca7440413985bc712307a33d35 [STATUS]- [MEASURE]-(-1) ms [DEF]-write meta info success, store file:D:\dpv2t\store_path/e8fd3dca7440413985bc712307a33d35.dat
2018-11-22 19:59:38 [ INFO] com.iflytek.msp.cpdb.lfasr.event.EventHandler.isSendAll(EventHandler.java:183) - [COMPENT]-CLIENT [PROCESS]-EventHandler [ID]- [STATUS]- [MEASURE]-(-1) ms [DEF]-upload file 0/1
2018-11-22 19:59:38 [ INFO] com.iflytek.msp.cpdb.lfasr.event.EventHandler.isSendAll(EventHandler.java:183) - [COMPENT]-CLIENT [PROCESS]-EventHandler [ID]- [STATUS]- [MEASURE]-(-1) ms [DEF]-upload file 1/1
2018-11-22 19:59:38 [ INFO] com.iflytek.msp.cpdb.lfasr.worker.UploadThread.run(UploadThread.java:43) - [COMPENT]-CLIENT [PROCESS]-UploadThread [ID]-e8fd3dca7440413985bc712307a33d35 [STATUS]- [MEASURE]-(-1) ms [DEF]-upload file send success, file:D:\dpv2t\input\test.mp3, task_id:e8fd3dca7440413985bc712307a33d35
2018-11-22 19:59:39 [ INFO] com.iflytek.msp.cpdb.lfasr.event.EventHandler$ProcessorThread.run(EventHandler.java:137) - [COMPENT]-CLIENT [PROCESS]-EventHandler [ID]-e8fd3dca7440413985bc712307a33d35 [STATUS]- [MEASURE]-(-1) ms [DEF]-send meger success
2018-11-22 20:00:51 [ INFO] com.iflytek.msp.cpdb.lfasr.worker.UploadWorker.upload(UploadWorker.java:100) - [COMPENT]-CLIENT [PROCESS]-UploadWorker [ID]-null [STATUS]- [MEASURE]-(-1) ms [DEF]-prepare ok
2018-11-22 20:00:51 [ INFO] com.iflytek.msp.cpdb.lfasr.worker.UploadWorker.upload(UploadWorker.java:104) - [COMPENT]-CLIENT [PROCESS]-UploadWorker [ID]-4fb664f8ef2f4c3a8aae2b1665d59d2e [STATUS]- [MEASURE]-(-1) ms [DEF]-get task_id:%s4fb664f8ef2f4c3a8aae2b1665d59d2e
2018-11-22 20:00:51 [ INFO] com.iflytek.msp.cpdb.lfasr.worker.UploadWorker.metaPersistency(UploadWorker.java:152) - [COMPENT]-CLIENT [PROCESS]-UploadWorker [ID]-4fb664f8ef2f4c3a8aae2b1665d59d2e [STATUS]- [MEASURE]-(-1) ms [DEF]-write meta info success, store file:D:\dpv2t\store_path/4fb664f8ef2f4c3a8aae2b1665d59d2e.dat
2018-11-22 20:00:51 [ INFO] com.iflytek.msp.cpdb.lfasr.event.EventHandler.isSendAll(EventHandler.java:183) - [COMPENT]-CLIENT [PROCESS]-EventHandler [ID]- [STATUS]- [MEASURE]-(-1) ms [DEF]-upload file 0/1
2018-11-22 20:00:51 [ INFO] com.iflytek.msp.cpdb.lfasr.event.EventHandler.isSendAll(EventHandler.java:183) - [COMPENT]-CLIENT [PROCESS]-EventHandler [ID]- [STATUS]- [MEASURE]-(-1) ms [DEF]-upload file 1/1
2018-11-22 20:00:51 [ INFO] com.iflytek.msp.cpdb.lfasr.worker.UploadThread.run(UploadThread.java:43) - [COMPENT]-CLIENT [PROCESS]-UploadThread [ID]-4fb664f8ef2f4c3a8aae2b1665d59d2e [STATUS]- [MEASURE]-(-1) ms [DEF]-upload file send success, file:D:\dpv2t\input\test.mp3, task_id:4fb664f8ef2f4c3a8aae2b1665d59d2e
2018-11-22 20:00:52 [ INFO] com.iflytek.msp.cpdb.lfasr.event.EventHandler$ProcessorThread.run(EventHandler.java:137) - [COMPENT]-CLIENT [PROCESS]-EventHandler [ID]-4fb664f8ef2f4c3a8aae2b1665d59d2e [STATUS]- [MEASURE]-(-1) ms [DEF]-send meger success
2018-11-22 20:01:43 [ INFO] com.iflytek.msp.cpdb.lfasr.worker.UploadWorker.upload(UploadWorker.java:100) - [COMPENT]-CLIENT [PROCESS]-UploadWorker [ID]-null [STATUS]- [MEASURE]-(-1) ms [DEF]-prepare ok
2018-11-22 20:01:43 [ INFO] com.iflytek.msp.cpdb.lfasr.worker.UploadWorker.upload(UploadWorker.java:104) - [COMPENT]-CLIENT [PROCESS]-UploadWorker [ID]-766b5e137a6643dc9eb19d15beda71a6 [STATUS]- [MEASURE]-(-1) ms [DEF]-get task_id:%s766b5e137a6643dc9eb19d15beda71a6
2018-11-22 20:01:43 [ INFO] com.iflytek.msp.cpdb.lfasr.worker.UploadWorker.metaPersistency(UploadWorker.java:152) - [COMPENT]-CLIENT [PROCESS]-UploadWorker [ID]-766b5e137a6643dc9eb19d15beda71a6 [STATUS]- [MEASURE]-(-1) ms [DEF]-write meta info success, store file:D:\dpv2t\store_path/766b5e137a6643dc9eb19d15beda71a6.dat
2018-11-22 20:01:43 [ INFO] com.iflytek.msp.cpdb.lfasr.event.EventHandler.isSendAll(EventHandler.java:183) - [COMPENT]-CLIENT [PROCESS]-EventHandler [ID]- [STATUS]- [MEASURE]-(-1) ms [DEF]-upload file 0/1
2018-11-22 20:01:44 [ INFO] com.iflytek.msp.cpdb.lfasr.event.EventHandler.isSendAll(EventHandler.java:183) - [COMPENT]-CLIENT [PROCESS]-EventHandler [ID]- [STATUS]- [MEASURE]-(-1) ms [DEF]-upload file 1/1
2018-11-22 20:01:44 [ INFO] com.iflytek.msp.cpdb.lfasr.worker.UploadThread.run(UploadThread.java:43) - [COMPENT]-CLIENT [PROCESS]-UploadThread [ID]-766b5e137a6643dc9eb19d15beda71a6 [STATUS]- [MEASURE]-(-1) ms [DEF]-upload file send success, file:D:\dpv2t\input\test.mp3, task_id:766b5e137a6643dc9eb19d15beda71a6
2018-11-22 20:01:45 [ INFO] com.iflytek.msp.cpdb.lfasr.event.EventHandler$ProcessorThread.run(EventHandler.java:137) - [COMPENT]-CLIENT [PROCESS]-EventHandler [ID]-766b5e137a6643dc9eb19d15beda71a6 [STATUS]- [MEASURE]-(-1) ms [DEF]-send meger success
2018-11-22 20:03:00 [ INFO] com.iflytek.msp.cpdb.lfasr.worker.UploadWorker.upload(UploadWorker.java:100) - [COMPENT]-CLIENT [PROCESS]-UploadWorker [ID]-null [STATUS]- [MEASURE]-(-1) ms [DEF]-prepare ok
2018-11-22 20:03:00 [ INFO] com.iflytek.msp.cpdb.lfasr.worker.UploadWorker.upload(UploadWorker.java:104) - [COMPENT]-CLIENT [PROCESS]-UploadWorker [ID]-8996dc4fa35145f59576e8ba5020155e [STATUS]- [MEASURE]-(-1) ms [DEF]-get task_id:%s8996dc4fa35145f59576e8ba5020155e
2018-11-22 20:03:00 [ INFO] com.iflytek.msp.cpdb.lfasr.worker.UploadWorker.metaPersistency(UploadWorker.java:152) - [COMPENT]-CLIENT [PROCESS]-UploadWorker [ID]-8996dc4fa35145f59576e8ba5020155e [STATUS]- [MEASURE]-(-1) ms [DEF]-write meta info success, store file:D:\dpv2t\store_path/8996dc4fa35145f59576e8ba5020155e.dat
2018-11-22 20:03:00 [ INFO] com.iflytek.msp.cpdb.lfasr.event.EventHandler.isSendAll(EventHandler.java:183) - [COMPENT]-CLIENT [PROCESS]-EventHandler [ID]- [STATUS]- [MEASURE]-(-1) ms [DEF]-upload file 0/1
2018-11-22 20:03:01 [ INFO] com.iflytek.msp.cpdb.lfasr.event.EventHandler.isSendAll(EventHandler.java:183) - [COMPENT]-CLIENT [PROCESS]-EventHandler [ID]- [STATUS]- [MEASURE]-(-1) ms [DEF]-upload file 1/1
2018-11-22 20:03:01 [ INFO] com.iflytek.msp.cpdb.lfasr.worker.UploadThread.run(UploadThread.java:43) - [COMPENT]-CLIENT [PROCESS]-UploadThread [ID]-8996dc4fa35145f59576e8ba5020155e [STATUS]- [MEASURE]-(-1) ms [DEF]-upload file send success, file:D:\dpv2t\input\test.mp3, task_id:8996dc4fa35145f59576e8ba5020155e
2018-11-22 20:03:02 [ INFO] com.iflytek.msp.cpdb.lfasr.event.EventHandler$ProcessorThread.run(EventHandler.java:137) - [COMPENT]-CLIENT [PROCESS]-EventHandler [ID]-8996dc4fa35145f59576e8ba5020155e [STATUS]- [MEASURE]-(-1) ms [DEF]-send meger success
2018-11-22 20:03:58 [ INFO] com.iflytek.msp.cpdb.lfasr.worker.UploadWorker.upload(UploadWorker.java:100) - [COMPENT]-CLIENT [PROCESS]-UploadWorker [ID]-null [STATUS]- [MEASURE]-(-1) ms [DEF]-prepare ok
2018-11-22 20:03:58 [ INFO] com.iflytek.msp.cpdb.lfasr.worker.UploadWorker.upload(UploadWorker.java:104) - [COMPENT]-CLIENT [PROCESS]-UploadWorker [ID]-8b516afef6d44020ab3830c713eac6c5 [STATUS]- [MEASURE]-(-1) ms [DEF]-get task_id:%s8b516afef6d44020ab3830c713eac6c5
2018-11-22 20:03:58 [ INFO] com.iflytek.msp.cpdb.lfasr.worker.UploadWorker.metaPersistency(UploadWorker.java:152) - [COMPENT]-CLIENT [PROCESS]-UploadWorker [ID]-8b516afef6d44020ab3830c713eac6c5 [STATUS]- [MEASURE]-(-1) ms [DEF]-write meta info success, store file:D:\dpv2t\store_path/8b516afef6d44020ab3830c713eac6c5.dat
2018-11-22 20:03:58 [ INFO] com.iflytek.msp.cpdb.lfasr.event.EventHandler.isSendAll(EventHandler.java:183) - [COMPENT]-CLIENT [PROCESS]-EventHandler [ID]- [STATUS]- [MEASURE]-(-1) ms [DEF]-upload file 0/1
2018-11-22 20:03:59 [ INFO] com.iflytek.msp.cpdb.lfasr.event.EventHandler.isSendAll(EventHandler.java:183) - [COMPENT]-CLIENT [PROCESS]-EventHandler [ID]- [STATUS]- [MEASURE]-(-1) ms [DEF]-upload file 1/1
2018-11-22 20:03:59 [ INFO] com.iflytek.msp.cpdb.lfasr.worker.UploadThread.run(UploadThread.java:43) - [COMPENT]-CLIENT [PROCESS]-UploadThread [ID]-8b516afef6d44020ab3830c713eac6c5 [STATUS]- [MEASURE]-(-1) ms [DEF]-upload file send success, file:D:\dpv2t\input\test.mp3, task_id:8b516afef6d44020ab3830c713eac6c5
2018-11-22 20:04:00 [ INFO] com.iflytek.msp.cpdb.lfasr.event.EventHandler$ProcessorThread.run(EventHandler.java:137) - [COMPENT]-CLIENT [PROCESS]-EventHandler [ID]-8b516afef6d44020ab3830c713eac6c5 [STATUS]- [MEASURE]-(-1) ms [DEF]-send meger success
2018-11-22 20:05:15 [ INFO] com.iflytek.msp.cpdb.lfasr.worker.UploadWorker.upload(UploadWorker.java:100) - [COMPENT]-CLIENT [PROCESS]-UploadWorker [ID]-null [STATUS]- [MEASURE]-(-1) ms [DEF]-prepare ok
2018-11-22 20:05:15 [ INFO] com.iflytek.msp.cpdb.lfasr.worker.UploadWorker.upload(UploadWorker.java:104) - [COMPENT]-CLIENT [PROCESS]-UploadWorker [ID]-0f260620d87e48c88bbbede0c2343a8b [STATUS]- [MEASURE]-(-1) ms [DEF]-get task_id:%s0f260620d87e48c88bbbede0c2343a8b
2018-11-22 20:05:15 [ INFO] com.iflytek.msp.cpdb.lfasr.worker.UploadWorker.metaPersistency(UploadWorker.java:152) - [COMPENT]-CLIENT [PROCESS]-UploadWorker [ID]-0f260620d87e48c88bbbede0c2343a8b [STATUS]- [MEASURE]-(-1) ms [DEF]-write meta info success, store file:D:\dpv2t\store_path/0f260620d87e48c88bbbede0c2343a8b.dat
2018-11-22 20:05:15 [ INFO] com.iflytek.msp.cpdb.lfasr.event.EventHandler.isSendAll(EventHandler.java:183) - [COMPENT]-CLIENT [PROCESS]-EventHandler [ID]- [STATUS]- [MEASURE]-(-1) ms [DEF]-upload file 0/1
2018-11-22 20:05:15 [ INFO] com.iflytek.msp.cpdb.lfasr.event.EventHandler.isSendAll(EventHandler.java:183) - [COMPENT]-CLIENT [PROCESS]-EventHandler [ID]- [STATUS]- [MEASURE]-(-1) ms [DEF]-upload file 0/1
2018-11-22 20:05:16 [ INFO] com.iflytek.msp.cpdb.lfasr.event.EventHandler.isSendAll(EventHandler.java:183) - [COMPENT]-CLIENT [PROCESS]-EventHandler [ID]- [STATUS]- [MEASURE]-(-1) ms [DEF]-upload file 1/1
2018-11-22 20:05:16 [ INFO] com.iflytek.msp.cpdb.lfasr.worker.UploadThread.run(UploadThread.java:43) - [COMPENT]-CLIENT [PROCESS]-UploadThread [ID]-0f260620d87e48c88bbbede0c2343a8b [STATUS]- [MEASURE]-(-1) ms [DEF]-upload file send success, file:D:\dpv2t\input\test.mp3, task_id:0f260620d87e48c88bbbede0c2343a8b
2018-11-22 20:05:17 [ INFO] com.iflytek.msp.cpdb.lfasr.event.EventHandler$ProcessorThread.run(EventHandler.java:137) - [COMPENT]-CLIENT [PROCESS]-EventHandler [ID]-0f260620d87e48c88bbbede0c2343a8b [STATUS]- [MEASURE]-(-1) ms [DEF]-send meger success
2018-11-23 16:41:39 [ INFO] com.iflytek.msp.cpdb.lfasr.worker.UploadWorker.upload(UploadWorker.java:100) - [COMPENT]-CLIENT [PROCESS]-UploadWorker [ID]-null [STATUS]- [MEASURE]-(-1) ms [DEF]-prepare ok
2018-11-23 16:41:39 [ INFO] com.iflytek.msp.cpdb.lfasr.worker.UploadWorker.upload(UploadWorker.java:104) - [COMPENT]-CLIENT [PROCESS]-UploadWorker [ID]-5683d0949cad4355a7783afa4f99921e [STATUS]- [MEASURE]-(-1) ms [DEF]-get task_id:%s5683d0949cad4355a7783afa4f99921e
2018-11-23 16:41:39 [ INFO] com.iflytek.msp.cpdb.lfasr.worker.UploadWorker.metaPersistency(UploadWorker.java:152) - [COMPENT]-CLIENT [PROCESS]-UploadWorker [ID]-5683d0949cad4355a7783afa4f99921e [STATUS]- [MEASURE]-(-1) ms [DEF]-write meta info success, store file:D:\dpv2t\store_path/5683d0949cad4355a7783afa4f99921e.dat
2018-11-23 16:41:39 [ INFO] com.iflytek.msp.cpdb.lfasr.event.EventHandler.isSendAll(EventHandler.java:183) - [COMPENT]-CLIENT [PROCESS]-EventHandler [ID]- [STATUS]- [MEASURE]-(-1) ms [DEF]-upload file 0/1
2018-11-23 16:41:39 [ INFO] com.iflytek.msp.cpdb.lfasr.event.EventHandler.isSendAll(EventHandler.java:183) - [COMPENT]-CLIENT [PROCESS]-EventHandler [ID]- [STATUS]- [MEASURE]-(-1) ms [DEF]-upload file 1/1
2018-11-23 16:41:39 [ INFO] com.iflytek.msp.cpdb.lfasr.worker.UploadThread.run(UploadThread.java:43) - [COMPENT]-CLIENT [PROCESS]-UploadThread [ID]-5683d0949cad4355a7783afa4f99921e [STATUS]- [MEASURE]-(-1) ms [DEF]-upload file send success, file:D:\dpv2t\input\test.mp3, task_id:5683d0949cad4355a7783afa4f99921e
2018-11-23 16:41:40 [ INFO] com.iflytek.msp.cpdb.lfasr.event.EventHandler$ProcessorThread.run(EventHandler.java:137) - [COMPENT]-CLIENT [PROCESS]-EventHandler [ID]-5683d0949cad4355a7783afa4f99921e [STATUS]- [MEASURE]-(-1) ms [DEF]-send meger success
2018-11-23 17:05:25 [ERROR] com.iflytek.msp.cpdb.lfasr.worker.UploadWorker.upload(UploadWorker.java:93) - [COMPENT]-CLIENT [PROCESS]-UploadWorker [ID]-null [STATUS]- [MEASURE]-(-1) ms [DEF]-prepare error:预处理服务时长不足。您剩余的可用服务时长不足，请移步产品页http://www.xfyun.cn/services/lfasr 进行购买或者免费领取（注：标准版和电话专用版需分开进行购买或者领取）
2018-11-26 08:54:43 [ERROR] com.iflytek.msp.cpdb.lfasr.worker.UploadWorker.upload(UploadWorker.java:93) - [COMPENT]-CLIENT [PROCESS]-UploadWorker [ID]-null [STATUS]- [MEASURE]-(-1) ms [DEF]-prepare error:预处理服务时长不足。您剩余的可用服务时长不足，请移步产品页http://www.xfyun.cn/services/lfasr 进行购买或者免费领取（注：标准版和电话专用版需分开进行购买或者领取）
2018-11-26 08:57:30 [ INFO] com.iflytek.msp.cpdb.lfasr.worker.UploadWorker.upload(UploadWorker.java:100) - [COMPENT]-CLIENT [PROCESS]-UploadWorker [ID]-null [STATUS]- [MEASURE]-(-1) ms [DEF]-prepare ok
2018-11-26 08:57:30 [ INFO] com.iflytek.msp.cpdb.lfasr.worker.UploadWorker.upload(UploadWorker.java:104) - [COMPENT]-CLIENT [PROCESS]-UploadWorker [ID]-dbcb56bb73794343ad6eb373f69f8551 [STATUS]- [MEASURE]-(-1) ms [DEF]-get task_id:%sdbcb56bb73794343ad6eb373f69f8551
2018-11-26 08:57:30 [ INFO] com.iflytek.msp.cpdb.lfasr.worker.UploadWorker.metaPersistency(UploadWorker.java:152) - [COMPENT]-CLIENT [PROCESS]-UploadWorker [ID]-dbcb56bb73794343ad6eb373f69f8551 [STATUS]- [MEASURE]-(-1) ms [DEF]-write meta info success, store file:D:\dpv2t\store_path/dbcb56bb73794343ad6eb373f69f8551.dat
2018-11-26 08:57:30 [ INFO] com.iflytek.msp.cpdb.lfasr.event.EventHandler.isSendAll(EventHandler.java:183) - [COMPENT]-CLIENT [PROCESS]-EventHandler [ID]- [STATUS]- [MEASURE]-(-1) ms [DEF]-upload file 0/1
2018-11-26 08:57:30 [ INFO] com.iflytek.msp.cpdb.lfasr.event.EventHandler.isSendAll(EventHandler.java:183) - [COMPENT]-CLIENT [PROCESS]-EventHandler [ID]- [STATUS]- [MEASURE]-(-1) ms [DEF]-upload file 1/1
2018-11-26 08:57:30 [ INFO] com.iflytek.msp.cpdb.lfasr.worker.UploadThread.run(UploadThread.java:43) - [COMPENT]-CLIENT [PROCESS]-UploadThread [ID]-dbcb56bb73794343ad6eb373f69f8551 [STATUS]- [MEASURE]-(-1) ms [DEF]-upload file send success, file:D:\dpv2t\input\test.mp3, task_id:dbcb56bb73794343ad6eb373f69f8551
2018-11-26 08:57:32 [ INFO] com.iflytek.msp.cpdb.lfasr.event.EventHandler$ProcessorThread.run(EventHandler.java:137) - [COMPENT]-CLIENT [PROCESS]-EventHandler [ID]-dbcb56bb73794343ad6eb373f69f8551 [STATUS]- [MEASURE]-(-1) ms [DEF]-send meger success
2018-11-27 09:15:54 [ INFO] com.iflytek.msp.cpdb.lfasr.worker.UploadWorker.upload(UploadWorker.java:100) - [COMPENT]-CLIENT [PROCESS]-UploadWorker [ID]-null [STATUS]- [MEASURE]-(-1) ms [DEF]-prepare ok
2018-11-27 09:15:54 [ INFO] com.iflytek.msp.cpdb.lfasr.worker.UploadWorker.upload(UploadWorker.java:104) - [COMPENT]-CLIENT [PROCESS]-UploadWorker [ID]-ec47a0c14a7a4749811170b2ff960389 [STATUS]- [MEASURE]-(-1) ms [DEF]-get task_id:%sec47a0c14a7a4749811170b2ff960389
2018-11-27 09:15:54 [ INFO] com.iflytek.msp.cpdb.lfasr.worker.UploadWorker.metaPersistency(UploadWorker.java:152) - [COMPENT]-CLIENT [PROCESS]-UploadWorker [ID]-ec47a0c14a7a4749811170b2ff960389 [STATUS]- [MEASURE]-(-1) ms [DEF]-write meta info success, store file:D:\dpv2t\store_path/ec47a0c14a7a4749811170b2ff960389.dat
2018-11-27 09:15:54 [ INFO] com.iflytek.msp.cpdb.lfasr.event.EventHandler.isSendAll(EventHandler.java:183) - [COMPENT]-CLIENT [PROCESS]-EventHandler [ID]- [STATUS]- [MEASURE]-(-1) ms [DEF]-upload file 0/1
2018-11-27 09:15:54 [ INFO] com.iflytek.msp.cpdb.lfasr.event.EventHandler.isSendAll(EventHandler.java:183) - [COMPENT]-CLIENT [PROCESS]-EventHandler [ID]- [STATUS]- [MEASURE]-(-1) ms [DEF]-upload file 1/1
2018-11-27 09:15:54 [ INFO] com.iflytek.msp.cpdb.lfasr.worker.UploadThread.run(UploadThread.java:43) - [COMPENT]-CLIENT [PROCESS]-UploadThread [ID]-ec47a0c14a7a4749811170b2ff960389 [STATUS]- [MEASURE]-(-1) ms [DEF]-upload file send success, file:D:\dpv2t\input\test.mp3, task_id:ec47a0c14a7a4749811170b2ff960389
2018-11-27 09:15:56 [ INFO] com.iflytek.msp.cpdb.lfasr.event.EventHandler$ProcessorThread.run(EventHandler.java:137) - [COMPENT]-CLIENT [PROCESS]-EventHandler [ID]-ec47a0c14a7a4749811170b2ff960389 [STATUS]- [MEASURE]-(-1) ms [DEF]-send meger success
2018-11-27 09:23:23 [ INFO] com.iflytek.msp.cpdb.lfasr.worker.UploadWorker.upload(UploadWorker.java:100) - [COMPENT]-CLIENT [PROCESS]-UploadWorker [ID]-null [STATUS]- [MEASURE]-(-1) ms [DEF]-prepare ok
2018-11-27 09:23:23 [ INFO] com.iflytek.msp.cpdb.lfasr.worker.UploadWorker.upload(UploadWorker.java:104) - [COMPENT]-CLIENT [PROCESS]-UploadWorker [ID]-f76eb71867d44ed595c4b4da0e7416dd [STATUS]- [MEASURE]-(-1) ms [DEF]-get task_id:%sf76eb71867d44ed595c4b4da0e7416dd
2018-11-27 09:23:23 [ INFO] com.iflytek.msp.cpdb.lfasr.worker.UploadWorker.metaPersistency(UploadWorker.java:152) - [COMPENT]-CLIENT [PROCESS]-UploadWorker [ID]-f76eb71867d44ed595c4b4da0e7416dd [STATUS]- [MEASURE]-(-1) ms [DEF]-write meta info success, store file:D:\dpv2t\store_path/f76eb71867d44ed595c4b4da0e7416dd.dat
2018-11-27 09:23:23 [ INFO] com.iflytek.msp.cpdb.lfasr.event.EventHandler.isSendAll(EventHandler.java:183) - [COMPENT]-CLIENT [PROCESS]-EventHandler [ID]- [STATUS]- [MEASURE]-(-1) ms [DEF]-upload file 0/1
2018-11-27 09:23:23 [ INFO] com.iflytek.msp.cpdb.lfasr.event.EventHandler.isSendAll(EventHandler.java:183) - [COMPENT]-CLIENT [PROCESS]-EventHandler [ID]- [STATUS]- [MEASURE]-(-1) ms [DEF]-upload file 1/1
2018-11-27 09:23:23 [ INFO] com.iflytek.msp.cpdb.lfasr.worker.UploadThread.run(UploadThread.java:43) - [COMPENT]-CLIENT [PROCESS]-UploadThread [ID]-f76eb71867d44ed595c4b4da0e7416dd [STATUS]- [MEASURE]-(-1) ms [DEF]-upload file send success, file:D:\dpv2t\input\test.mp3, task_id:f76eb71867d44ed595c4b4da0e7416dd
2018-11-27 09:23:25 [ INFO] com.iflytek.msp.cpdb.lfasr.event.EventHandler$ProcessorThread.run(EventHandler.java:137) - [COMPENT]-CLIENT [PROCESS]-EventHandler [ID]-f76eb71867d44ed595c4b4da0e7416dd [STATUS]- [MEASURE]-(-1) ms [DEF]-send meger success
2018-11-27 14:39:36 [ERROR] com.iflytek.msp.cpdb.lfasr.worker.UploadWorker.upload(UploadWorker.java:93) - [COMPENT]-CLIENT [PROCESS]-UploadWorker [ID]-null [STATUS]- [MEASURE]-(-1) ms [DEF]-prepare error:预处理服务时长不足。您剩余的可用服务时长不足，请移步产品页http://www.xfyun.cn/services/lfasr 进行购买或者免费领取（注：标准版和电话专用版需分开进行购买或者领取）
2018-11-27 14:41:45 [ INFO] com.iflytek.msp.cpdb.lfasr.worker.UploadWorker.upload(UploadWorker.java:100) - [COMPENT]-CLIENT [PROCESS]-UploadWorker [ID]-null [STATUS]- [MEASURE]-(-1) ms [DEF]-prepare ok
2018-11-27 14:41:45 [ INFO] com.iflytek.msp.cpdb.lfasr.worker.UploadWorker.upload(UploadWorker.java:104) - [COMPENT]-CLIENT [PROCESS]-UploadWorker [ID]-a1fcc19a0e1f4265af7fb343dfbe3361 [STATUS]- [MEASURE]-(-1) ms [DEF]-get task_id:%sa1fcc19a0e1f4265af7fb343dfbe3361
2018-11-27 14:41:45 [ INFO] com.iflytek.msp.cpdb.lfasr.worker.UploadWorker.metaPersistency(UploadWorker.java:152) - [COMPENT]-CLIENT [PROCESS]-UploadWorker [ID]-a1fcc19a0e1f4265af7fb343dfbe3361 [STATUS]- [MEASURE]-(-1) ms [DEF]-write meta info success, store file:D:\dpv2t\store_path/a1fcc19a0e1f4265af7fb343dfbe3361.dat
2018-11-27 14:41:45 [ INFO] com.iflytek.msp.cpdb.lfasr.event.EventHandler.isSendAll(EventHandler.java:183) - [COMPENT]-CLIENT [PROCESS]-EventHandler [ID]- [STATUS]- [MEASURE]-(-1) ms [DEF]-upload file 0/1
2018-11-27 14:41:46 [ INFO] com.iflytek.msp.cpdb.lfasr.event.EventHandler.isSendAll(EventHandler.java:183) - [COMPENT]-CLIENT [PROCESS]-EventHandler [ID]- [STATUS]- [MEASURE]-(-1) ms [DEF]-upload file 1/1
2018-11-27 14:41:46 [ INFO] com.iflytek.msp.cpdb.lfasr.worker.UploadThread.run(UploadThread.java:43) - [COMPENT]-CLIENT [PROCESS]-UploadThread [ID]-a1fcc19a0e1f4265af7fb343dfbe3361 [STATUS]- [MEASURE]-(-1) ms [DEF]-upload file send success, file:D:\dpv2t\input\test.mp3, task_id:a1fcc19a0e1f4265af7fb343dfbe3361
2018-11-27 14:41:47 [ INFO] com.iflytek.msp.cpdb.lfasr.event.EventHandler$ProcessorThread.run(EventHandler.java:137) - [COMPENT]-CLIENT [PROCESS]-EventHandler [ID]-a1fcc19a0e1f4265af7fb343dfbe3361 [STATUS]- [MEASURE]-(-1) ms [DEF]-send meger success
2018-11-27 17:27:11 [ INFO] com.iflytek.msp.cpdb.lfasr.worker.UploadWorker.upload(UploadWorker.java:100) - [COMPENT]-CLIENT [PROCESS]-UploadWorker [ID]-null [STATUS]- [MEASURE]-(-1) ms [DEF]-prepare ok
2018-11-27 17:27:11 [ INFO] com.iflytek.msp.cpdb.lfasr.worker.UploadWorker.upload(UploadWorker.java:104) - [COMPENT]-CLIENT [PROCESS]-UploadWorker [ID]-8d883280a94c428b98e90e67280c8e2b [STATUS]- [MEASURE]-(-1) ms [DEF]-get task_id:%s8d883280a94c428b98e90e67280c8e2b
2018-11-27 17:27:11 [ INFO] com.iflytek.msp.cpdb.lfasr.worker.UploadWorker.metaPersistency(UploadWorker.java:152) - [COMPENT]-CLIENT [PROCESS]-UploadWorker [ID]-8d883280a94c428b98e90e67280c8e2b [STATUS]- [MEASURE]-(-1) ms [DEF]-write meta info success, store file:D:\dpv2t\store_path/8d883280a94c428b98e90e67280c8e2b.dat
2018-11-27 17:27:11 [ INFO] com.iflytek.msp.cpdb.lfasr.event.EventHandler.isSendAll(EventHandler.java:183) - [COMPENT]-CLIENT [PROCESS]-EventHandler [ID]- [STATUS]- [MEASURE]-(-1) ms [DEF]-upload file 0/1
2018-11-27 17:27:11 [ INFO] com.iflytek.msp.cpdb.lfasr.event.EventHandler.isSendAll(EventHandler.java:183) - [COMPENT]-CLIENT [PROCESS]-EventHandler [ID]- [STATUS]- [MEASURE]-(-1) ms [DEF]-upload file 1/1
2018-11-27 17:27:11 [ INFO] com.iflytek.msp.cpdb.lfasr.worker.UploadThread.run(UploadThread.java:43) - [COMPENT]-CLIENT [PROCESS]-UploadThread [ID]-8d883280a94c428b98e90e67280c8e2b [STATUS]- [MEASURE]-(-1) ms [DEF]-upload file send success, file:D:\dpv2t\input\test.mp3, task_id:8d883280a94c428b98e90e67280c8e2b
2018-11-27 17:27:12 [ INFO] com.iflytek.msp.cpdb.lfasr.event.EventHandler$ProcessorThread.run(EventHandler.java:137) - [COMPENT]-CLIENT [PROCESS]-EventHandler [ID]-8d883280a94c428b98e90e67280c8e2b [STATUS]- [MEASURE]-(-1) ms [DEF]-send meger success
2018-11-27 17:28:29 [ INFO] com.iflytek.msp.cpdb.lfasr.worker.UploadWorker.upload(UploadWorker.java:100) - [COMPENT]-CLIENT [PROCESS]-UploadWorker [ID]-null [STATUS]- [MEASURE]-(-1) ms [DEF]-prepare ok
2018-11-27 17:28:29 [ INFO] com.iflytek.msp.cpdb.lfasr.worker.UploadWorker.upload(UploadWorker.java:104) - [COMPENT]-CLIENT [PROCESS]-UploadWorker [ID]-72573708b18e44409be94fe66edbc963 [STATUS]- [MEASURE]-(-1) ms [DEF]-get task_id:%s72573708b18e44409be94fe66edbc963
2018-11-27 17:28:29 [ INFO] com.iflytek.msp.cpdb.lfasr.worker.UploadWorker.metaPersistency(UploadWorker.java:152) - [COMPENT]-CLIENT [PROCESS]-UploadWorker [ID]-72573708b18e44409be94fe66edbc963 [STATUS]- [MEASURE]-(-1) ms [DEF]-write meta info success, store file:D:\dpv2t\store_path/72573708b18e44409be94fe66edbc963.dat
2018-11-27 17:28:29 [ INFO] com.iflytek.msp.cpdb.lfasr.event.EventHandler.isSendAll(EventHandler.java:183) - [COMPENT]-CLIENT [PROCESS]-EventHandler [ID]- [STATUS]- [MEASURE]-(-1) ms [DEF]-upload file 0/1
2018-11-27 17:28:29 [ INFO] com.iflytek.msp.cpdb.lfasr.event.EventHandler.isSendAll(EventHandler.java:183) - [COMPENT]-CLIENT [PROCESS]-EventHandler [ID]- [STATUS]- [MEASURE]-(-1) ms [DEF]-upload file 0/1
2018-11-27 17:28:30 [ INFO] com.iflytek.msp.cpdb.lfasr.event.EventHandler.isSendAll(EventHandler.java:183) - [COMPENT]-CLIENT [PROCESS]-EventHandler [ID]- [STATUS]- [MEASURE]-(-1) ms [DEF]-upload file 0/1
2018-11-27 17:28:30 [ INFO] com.iflytek.msp.cpdb.lfasr.event.EventHandler.isSendAll(EventHandler.java:183) - [COMPENT]-CLIENT [PROCESS]-EventHandler [ID]- [STATUS]- [MEASURE]-(-1) ms [DEF]-upload file 1/1
2018-11-27 17:28:30 [ INFO] com.iflytek.msp.cpdb.lfasr.worker.UploadThread.run(UploadThread.java:43) - [COMPENT]-CLIENT [PROCESS]-UploadThread [ID]-72573708b18e44409be94fe66edbc963 [STATUS]- [MEASURE]-(-1) ms [DEF]-upload file send success, file:D:\dpv2t\input\test.mp3, task_id:72573708b18e44409be94fe66edbc963
2018-11-27 17:28:31 [ INFO] com.iflytek.msp.cpdb.lfasr.event.EventHandler$ProcessorThread.run(EventHandler.java:137) - [COMPENT]-CLIENT [PROCESS]-EventHandler [ID]-72573708b18e44409be94fe66edbc963 [STATUS]- [MEASURE]-(-1) ms [DEF]-send meger success
